{"C:\\Users\\joperezd\\GitHub Repos\\ffs-squad-monitor\\server\\api\\metrics.js": {"path":"C:\\Users\\joperezd\\GitHub Repos\\ffs-squad-monitor\\server\\api\\metrics.js","statementMap":{"0":{"start":{"line":11,"column":24},"end":{"line":11,"column":55}},"1":{"start":{"line":12,"column":23},"end":{"line":12,"column":54}},"2":{"start":{"line":69,"column":2},"end":{"line":102,"column":3}},"3":{"start":{"line":70,"column":16},"end":{"line":70,"column":62}},"4":{"start":{"line":71,"column":20},"end":{"line":71,"column":51}},"5":{"start":{"line":72,"column":17},"end":{"line":72,"column":45}},"6":{"start":{"line":73,"column":15},"end":{"line":73,"column":41}},"7":{"start":{"line":74,"column":21},"end":{"line":74,"column":61}},"8":{"start":{"line":76,"column":4},"end":{"line":81,"column":5}},"9":{"start":{"line":77,"column":6},"end":{"line":79,"column":8}},"10":{"start":{"line":80,"column":6},"end":{"line":80,"column":12}},"11":{"start":{"line":83,"column":4},"end":{"line":88,"column":5}},"12":{"start":{"line":84,"column":6},"end":{"line":86,"column":8}},"13":{"start":{"line":87,"column":6},"end":{"line":87,"column":12}},"14":{"start":{"line":90,"column":16},"end":{"line":90,"column":60}},"15":{"start":{"line":91,"column":4},"end":{"line":98,"column":6}},"16":{"start":{"line":100,"column":4},"end":{"line":100,"column":64}},"17":{"start":{"line":101,"column":4},"end":{"line":101,"column":62}},"18":{"start":{"line":143,"column":2},"end":{"line":159,"column":3}},"19":{"start":{"line":144,"column":16},"end":{"line":144,"column":62}},"20":{"start":{"line":145,"column":17},"end":{"line":145,"column":45}},"21":{"start":{"line":147,"column":4},"end":{"line":152,"column":5}},"22":{"start":{"line":148,"column":6},"end":{"line":150,"column":8}},"23":{"start":{"line":151,"column":6},"end":{"line":151,"column":12}},"24":{"start":{"line":154,"column":19},"end":{"line":154,"column":41}},"25":{"start":{"line":155,"column":4},"end":{"line":155,"column":21}},"26":{"start":{"line":157,"column":4},"end":{"line":157,"column":72}},"27":{"start":{"line":158,"column":4},"end":{"line":158,"column":68}},"28":{"start":{"line":197,"column":2},"end":{"line":227,"column":3}},"29":{"start":{"line":198,"column":16},"end":{"line":198,"column":62}},"30":{"start":{"line":199,"column":17},"end":{"line":199,"column":45}},"31":{"start":{"line":200,"column":15},"end":{"line":200,"column":41}},"32":{"start":{"line":201,"column":18},"end":{"line":201,"column":47}},"33":{"start":{"line":204,"column":4},"end":{"line":218,"column":5}},"34":{"start":{"line":205,"column":21},"end":{"line":205,"column":56}},"35":{"start":{"line":206,"column":6},"end":{"line":217,"column":7}},"36":{"start":{"line":208,"column":21},"end":{"line":208,"column":63}},"37":{"start":{"line":209,"column":8},"end":{"line":215,"column":10}},"38":{"start":{"line":211,"column":37},"end":{"line":214,"column":11}},"39":{"start":{"line":216,"column":8},"end":{"line":216,"column":14}},"40":{"start":{"line":221,"column":20},"end":{"line":221,"column":62}},"41":{"start":{"line":222,"column":4},"end":{"line":222,"column":21}},"42":{"start":{"line":224,"column":4},"end":{"line":224,"column":43}},"43":{"start":{"line":224,"column":37},"end":{"line":224,"column":43}},"44":{"start":{"line":225,"column":4},"end":{"line":225,"column":77}},"45":{"start":{"line":226,"column":4},"end":{"line":226,"column":83}},"46":{"start":{"line":253,"column":2},"end":{"line":259,"column":3}},"47":{"start":{"line":254,"column":17},"end":{"line":254,"column":30}},"48":{"start":{"line":255,"column":4},"end":{"line":255,"column":19}},"49":{"start":{"line":257,"column":4},"end":{"line":257,"column":70}},"50":{"start":{"line":258,"column":4},"end":{"line":258,"column":68}}},"fnMap":{"0":{"name":"metricsRoute","decl":{"start":{"line":68,"column":16},"end":{"line":68,"column":28}},"loc":{"start":{"line":68,"column":39},"end":{"line":103,"column":1}},"line":68},"1":{"name":"metricsSummaryRoute","decl":{"start":{"line":142,"column":16},"end":{"line":142,"column":35}},"loc":{"start":{"line":142,"column":46},"end":{"line":160,"column":1}},"line":142},"2":{"name":"metricsAgentsRoute","decl":{"start":{"line":196,"column":22},"end":{"line":196,"column":40}},"loc":{"start":{"line":196,"column":51},"end":{"line":228,"column":1}},"line":196},"3":{"name":"(anonymous_3)","decl":{"start":{"line":211,"column":31},"end":{"line":211,"column":32}},"loc":{"start":{"line":211,"column":37},"end":{"line":214,"column":11}},"line":211},"4":{"name":"metricsStatsRoute","decl":{"start":{"line":252,"column":16},"end":{"line":252,"column":33}},"loc":{"start":{"line":252,"column":44},"end":{"line":260,"column":1}},"line":252}},"branchMap":{"0":{"loc":{"start":{"line":74,"column":21},"end":{"line":74,"column":61}},"type":"binary-expr","locations":[{"start":{"line":74,"column":21},"end":{"line":74,"column":53}},{"start":{"line":74,"column":57},"end":{"line":74,"column":61}}],"line":74},"1":{"loc":{"start":{"line":76,"column":4},"end":{"line":81,"column":5}},"type":"if","locations":[{"start":{"line":76,"column":4},"end":{"line":81,"column":5}},{"start":{},"end":{}}],"line":76},"2":{"loc":{"start":{"line":76,"column":8},"end":{"line":76,"column":53}},"type":"binary-expr","locations":[{"start":{"line":76,"column":8},"end":{"line":76,"column":16}},{"start":{"line":76,"column":20},"end":{"line":76,"column":53}}],"line":76},"3":{"loc":{"start":{"line":83,"column":4},"end":{"line":88,"column":5}},"type":"if","locations":[{"start":{"line":83,"column":4},"end":{"line":88,"column":5}},{"start":{},"end":{}}],"line":83},"4":{"loc":{"start":{"line":94,"column":12},"end":{"line":94,"column":24}},"type":"binary-expr","locations":[{"start":{"line":94,"column":12},"end":{"line":94,"column":16}},{"start":{"line":94,"column":20},"end":{"line":94,"column":24}}],"line":94},"5":{"loc":{"start":{"line":95,"column":10},"end":{"line":95,"column":20}},"type":"binary-expr","locations":[{"start":{"line":95,"column":10},"end":{"line":95,"column":12}},{"start":{"line":95,"column":16},"end":{"line":95,"column":20}}],"line":95},"6":{"loc":{"start":{"line":147,"column":4},"end":{"line":152,"column":5}},"type":"if","locations":[{"start":{"line":147,"column":4},"end":{"line":152,"column":5}},{"start":{},"end":{}}],"line":147},"7":{"loc":{"start":{"line":147,"column":8},"end":{"line":147,"column":50}},"type":"binary-expr","locations":[{"start":{"line":147,"column":8},"end":{"line":147,"column":13}},{"start":{"line":147,"column":17},"end":{"line":147,"column":50}}],"line":147},"8":{"loc":{"start":{"line":204,"column":4},"end":{"line":218,"column":5}},"type":"if","locations":[{"start":{"line":204,"column":4},"end":{"line":218,"column":5}},{"start":{},"end":{}}],"line":204},"9":{"loc":{"start":{"line":204,"column":8},"end":{"line":204,"column":18}},"type":"binary-expr","locations":[{"start":{"line":204,"column":8},"end":{"line":204,"column":12}},{"start":{"line":204,"column":16},"end":{"line":204,"column":18}}],"line":204},"10":{"loc":{"start":{"line":206,"column":6},"end":{"line":217,"column":7}},"type":"if","locations":[{"start":{"line":206,"column":6},"end":{"line":217,"column":7}},{"start":{},"end":{}}],"line":206},"11":{"loc":{"start":{"line":224,"column":4},"end":{"line":224,"column":43}},"type":"if","locations":[{"start":{"line":224,"column":4},"end":{"line":224,"column":43}},{"start":{},"end":{}}],"line":224}},"s":{"0":1,"1":1,"2":18,"3":18,"4":18,"5":18,"6":18,"7":18,"8":18,"9":2,"10":2,"11":16,"12":1,"13":1,"14":15,"15":15,"16":1,"17":1,"18":4,"19":4,"20":4,"21":4,"22":2,"23":2,"24":2,"25":2,"26":1,"27":1,"28":5,"29":5,"30":5,"31":5,"32":5,"33":5,"34":2,"35":2,"36":1,"37":1,"38":1,"39":1,"40":4,"41":3,"42":1,"43":0,"44":1,"45":1,"46":2,"47":2,"48":2,"49":1,"50":1},"f":{"0":18,"1":4,"2":5,"3":1,"4":2},"b":{"0":[18,11],"1":[2,16],"2":[18,17],"3":[1,15],"4":[15,13],"5":[18,13],"6":[2,2],"7":[4,3],"8":[2,3],"9":[5,3],"10":[1,1],"11":[0,1]},"meta":{"lastBranch":12,"lastFunction":5,"lastStatement":51,"seen":{"s:11:24:11:55":0,"s:12:23:12:54":1,"f:68:16:68:28":0,"s:69:2:102:3":2,"s:70:16:70:62":3,"s:71:20:71:51":4,"s:72:17:72:45":5,"s:73:15:73:41":6,"s:74:21:74:61":7,"b:74:21:74:53:74:57:74:61":0,"b:76:4:81:5:undefined:undefined:undefined:undefined":1,"s:76:4:81:5":8,"b:76:8:76:16:76:20:76:53":2,"s:77:6:79:8":9,"s:80:6:80:12":10,"b:83:4:88:5:undefined:undefined:undefined:undefined":3,"s:83:4:88:5":11,"s:84:6:86:8":12,"s:87:6:87:12":13,"s:90:16:90:60":14,"s:91:4:98:6":15,"b:94:12:94:16:94:20:94:24":4,"b:95:10:95:12:95:16:95:20":5,"s:100:4:100:64":16,"s:101:4:101:62":17,"f:142:16:142:35":1,"s:143:2:159:3":18,"s:144:16:144:62":19,"s:145:17:145:45":20,"b:147:4:152:5:undefined:undefined:undefined:undefined":6,"s:147:4:152:5":21,"b:147:8:147:13:147:17:147:50":7,"s:148:6:150:8":22,"s:151:6:151:12":23,"s:154:19:154:41":24,"s:155:4:155:21":25,"s:157:4:157:72":26,"s:158:4:158:68":27,"f:196:22:196:40":2,"s:197:2:227:3":28,"s:198:16:198:62":29,"s:199:17:199:45":30,"s:200:15:200:41":31,"s:201:18:201:47":32,"b:204:4:218:5:undefined:undefined:undefined:undefined":8,"s:204:4:218:5":33,"b:204:8:204:12:204:16:204:18":9,"s:205:21:205:56":34,"b:206:6:217:7:undefined:undefined:undefined:undefined":10,"s:206:6:217:7":35,"s:208:21:208:63":36,"s:209:8:215:10":37,"f:211:31:211:32":3,"s:211:37:214:11":38,"s:216:8:216:14":39,"s:221:20:221:62":40,"s:222:4:222:21":41,"b:224:4:224:43:undefined:undefined:undefined:undefined":11,"s:224:4:224:43":42,"s:224:37:224:43":43,"s:225:4:225:77":44,"s:226:4:226:83":45,"f:252:16:252:33":4,"s:253:2:259:3":46,"s:254:17:254:30":47,"s:255:4:255:19":48,"s:257:4:257:70":49,"s:258:4:258:68":50}}}
,"C:\\Users\\joperezd\\GitHub Repos\\ffs-squad-monitor\\server\\api\\sse.js": {"path":"C:\\Users\\joperezd\\GitHub Repos\\ffs-squad-monitor\\server\\api\\sse.js","statementMap":{"0":{"start":{"line":4,"column":12},"end":{"line":4,"column":46}},"1":{"start":{"line":6,"column":24},"end":{"line":6,"column":25}},"2":{"start":{"line":52,"column":14},"end":{"line":52,"column":60}},"3":{"start":{"line":53,"column":24},"end":{"line":53,"column":62}},"4":{"start":{"line":54,"column":20},"end":{"line":57,"column":38}},"5":{"start":{"line":56,"column":14},"end":{"line":56,"column":22}},"6":{"start":{"line":57,"column":17},"end":{"line":57,"column":37}},"7":{"start":{"line":59,"column":2},"end":{"line":66,"column":3}},"8":{"start":{"line":60,"column":4},"end":{"line":64,"column":6}},"9":{"start":{"line":65,"column":4},"end":{"line":65,"column":10}},"10":{"start":{"line":68,"column":2},"end":{"line":68,"column":52}},"11":{"start":{"line":69,"column":2},"end":{"line":69,"column":44}},"12":{"start":{"line":70,"column":2},"end":{"line":70,"column":43}},"13":{"start":{"line":71,"column":2},"end":{"line":71,"column":42}},"14":{"start":{"line":72,"column":2},"end":{"line":72,"column":51}},"15":{"start":{"line":73,"column":2},"end":{"line":73,"column":22}},"16":{"start":{"line":75,"column":23},"end":{"line":75,"column":65}},"17":{"start":{"line":77,"column":22},"end":{"line":79,"column":10}},"18":{"start":{"line":81,"column":2},"end":{"line":81,"column":49}},"19":{"start":{"line":83,"column":2},"end":{"line":88,"column":11}},"20":{"start":{"line":90,"column":2},"end":{"line":90,"column":86}},"21":{"start":{"line":92,"column":20},"end":{"line":92,"column":29}},"22":{"start":{"line":94,"column":2},"end":{"line":107,"column":3}},"23":{"start":{"line":95,"column":20},"end":{"line":103,"column":5}},"24":{"start":{"line":96,"column":6},"end":{"line":96,"column":79}},"25":{"start":{"line":96,"column":73},"end":{"line":96,"column":79}},"26":{"start":{"line":98,"column":6},"end":{"line":102,"column":7}},"27":{"start":{"line":99,"column":8},"end":{"line":99,"column":94}},"28":{"start":{"line":105,"column":4},"end":{"line":105,"column":33}},"29":{"start":{"line":106,"column":4},"end":{"line":106,"column":35}},"30":{"start":{"line":109,"column":20},"end":{"line":115,"column":12}},"31":{"start":{"line":110,"column":4},"end":{"line":114,"column":5}},"32":{"start":{"line":111,"column":6},"end":{"line":111,"column":34}},"33":{"start":{"line":117,"column":2},"end":{"line":125,"column":4}},"34":{"start":{"line":118,"column":4},"end":{"line":118,"column":28}},"35":{"start":{"line":119,"column":4},"end":{"line":121,"column":5}},"36":{"start":{"line":120,"column":6},"end":{"line":120,"column":47}},"37":{"start":{"line":122,"column":4},"end":{"line":122,"column":21}},"38":{"start":{"line":123,"column":4},"end":{"line":123,"column":43}},"39":{"start":{"line":124,"column":4},"end":{"line":124,"column":57}}},"fnMap":{"0":{"name":"sseRoute","decl":{"start":{"line":51,"column":24},"end":{"line":51,"column":32}},"loc":{"start":{"line":51,"column":43},"end":{"line":126,"column":null}},"line":51},"1":{"name":"(anonymous_1)","decl":{"start":{"line":56,"column":9},"end":{"line":56,"column":10}},"loc":{"start":{"line":56,"column":14},"end":{"line":56,"column":22}},"line":56},"2":{"name":"(anonymous_2)","decl":{"start":{"line":57,"column":12},"end":{"line":57,"column":13}},"loc":{"start":{"line":57,"column":17},"end":{"line":57,"column":37}},"line":57},"3":{"name":"(anonymous_3)","decl":{"start":{"line":95,"column":20},"end":{"line":95,"column":21}},"loc":{"start":{"line":95,"column":31},"end":{"line":103,"column":5}},"line":95},"4":{"name":"(anonymous_4)","decl":{"start":{"line":109,"column":32},"end":{"line":109,"column":33}},"loc":{"start":{"line":109,"column":38},"end":{"line":115,"column":3}},"line":109},"5":{"name":"(anonymous_5)","decl":{"start":{"line":117,"column":18},"end":{"line":117,"column":19}},"loc":{"start":{"line":117,"column":24},"end":{"line":125,"column":3}},"line":117}},"branchMap":{"0":{"loc":{"start":{"line":53,"column":24},"end":{"line":53,"column":62}},"type":"binary-expr","locations":[{"start":{"line":53,"column":24},"end":{"line":53,"column":56}},{"start":{"line":53,"column":60},"end":{"line":53,"column":62}}],"line":53},"1":{"loc":{"start":{"line":59,"column":2},"end":{"line":66,"column":3}},"type":"if","locations":[{"start":{"line":59,"column":2},"end":{"line":66,"column":3}},{"start":{},"end":{}}],"line":59},"2":{"loc":{"start":{"line":77,"column":22},"end":{"line":79,"column":10}},"type":"cond-expr","locations":[{"start":{"line":78,"column":6},"end":{"line":78,"column":48}},{"start":{"line":79,"column":6},"end":{"line":79,"column":10}}],"line":77},"3":{"loc":{"start":{"line":96,"column":6},"end":{"line":96,"column":79}},"type":"if","locations":[{"start":{"line":96,"column":6},"end":{"line":96,"column":79}},{"start":{},"end":{}}],"line":96},"4":{"loc":{"start":{"line":96,"column":10},"end":{"line":96,"column":71}},"type":"binary-expr","locations":[{"start":{"line":96,"column":10},"end":{"line":96,"column":30}},{"start":{"line":96,"column":34},"end":{"line":96,"column":71}}],"line":96}},"s":{"0":1,"1":1,"2":20,"3":20,"4":20,"5":26,"6":26,"7":20,"8":2,"9":2,"10":18,"11":18,"12":18,"13":18,"14":18,"15":18,"16":20,"17":20,"18":20,"19":20,"20":20,"21":20,"22":20,"23":22,"24":13,"25":1,"26":12,"27":12,"28":22,"29":22,"30":18,"31":2,"32":2,"33":18,"34":7,"35":7,"36":8,"37":7,"38":7,"39":7},"f":{"0":20,"1":26,"2":26,"3":13,"4":2,"5":7},"b":{"0":[20,1],"1":[2,18],"2":[2,16],"3":[1,12],"4":[13,2]},"meta":{"lastBranch":5,"lastFunction":6,"lastStatement":40,"seen":{"s:4:12:4:46":0,"s:6:24:6:25":1,"f:51:24:51:32":0,"s:52:14:52:60":2,"s:53:24:53:62":3,"b:53:24:53:56:53:60:53:62":0,"s:54:20:57:38":4,"f:56:9:56:10":1,"s:56:14:56:22":5,"f:57:12:57:13":2,"s:57:17:57:37":6,"b:59:2:66:3:undefined:undefined:undefined:undefined":1,"s:59:2:66:3":7,"s:60:4:64:6":8,"s:65:4:65:10":9,"s:68:2:68:52":10,"s:69:2:69:44":11,"s:70:2:70:43":12,"s:71:2:71:42":13,"s:72:2:72:51":14,"s:73:2:73:22":15,"s:75:23:75:65":16,"s:77:22:79:10":17,"b:78:6:78:48:79:6:79:10":2,"s:81:2:81:49":18,"s:83:2:88:11":19,"s:90:2:90:86":20,"s:92:20:92:29":21,"s:94:2:107:3":22,"s:95:20:103:5":23,"f:95:20:95:21":3,"b:96:6:96:79:undefined:undefined:undefined:undefined":3,"s:96:6:96:79":24,"b:96:10:96:30:96:34:96:71":4,"s:96:73:96:79":25,"s:98:6:102:7":26,"s:99:8:99:94":27,"s:105:4:105:33":28,"s:106:4:106:35":29,"s:109:20:115:12":30,"f:109:32:109:33":4,"s:110:4:114:5":31,"s:111:6:111:34":32,"s:117:2:125:4":33,"f:117:18:117:19":5,"s:118:4:118:28":34,"s:119:4:121:5":35,"s:120:6:120:47":36,"s:122:4:122:21":37,"s:123:4:123:43":38,"s:124:4:124:57":39}}}
,"C:\\Users\\joperezd\\GitHub Repos\\ffs-squad-monitor\\server\\lib\\agent-metrics.js": {"path":"C:\\Users\\joperezd\\GitHub Repos\\ffs-squad-monitor\\server\\lib\\agent-metrics.js","statementMap":{"0":{"start":{"line":7,"column":12},"end":{"line":7,"column":54}},"1":{"start":{"line":9,"column":18},"end":{"line":9,"column":31}},"2":{"start":{"line":10,"column":25},"end":{"line":10,"column":45}},"3":{"start":{"line":12,"column":12},"end":{"line":12,"column":16}},"4":{"start":{"line":13,"column":16},"end":{"line":13,"column":17}},"5":{"start":{"line":17,"column":18},"end":{"line":17,"column":27}},"6":{"start":{"line":18,"column":2},"end":{"line":21,"column":3}},"7":{"start":{"line":19,"column":4},"end":{"line":19,"column":37}},"8":{"start":{"line":19,"column":29},"end":{"line":19,"column":37}},"9":{"start":{"line":20,"column":4},"end":{"line":20,"column":26}},"10":{"start":{"line":23,"column":22},"end":{"line":23,"column":31}},"11":{"start":{"line":24,"column":2},"end":{"line":31,"column":3}},"12":{"start":{"line":25,"column":17},"end":{"line":25,"column":49}},"13":{"start":{"line":25,"column":33},"end":{"line":25,"column":48}},"14":{"start":{"line":26,"column":4},"end":{"line":30,"column":5}},"15":{"start":{"line":27,"column":6},"end":{"line":27,"column":34}},"16":{"start":{"line":29,"column":6},"end":{"line":29,"column":48}},"17":{"start":{"line":32,"column":2},"end":{"line":32,"column":25}},"18":{"start":{"line":37,"column":2},"end":{"line":42,"column":3}},"19":{"start":{"line":38,"column":17},"end":{"line":38,"column":63}},"20":{"start":{"line":39,"column":4},"end":{"line":39,"column":23}},"21":{"start":{"line":39,"column":15},"end":{"line":39,"column":23}},"22":{"start":{"line":40,"column":18},"end":{"line":40,"column":45}},"23":{"start":{"line":41,"column":4},"end":{"line":41,"column":56}},"24":{"start":{"line":41,"column":41},"end":{"line":41,"column":56}},"25":{"start":{"line":43,"column":2},"end":{"line":43,"column":13}},"26":{"start":{"line":48,"column":17},"end":{"line":48,"column":19}},"27":{"start":{"line":49,"column":13},"end":{"line":49,"column":14}},"28":{"start":{"line":51,"column":2},"end":{"line":64,"column":3}},"29":{"start":{"line":52,"column":4},"end":{"line":63,"column":5}},"30":{"start":{"line":53,"column":23},"end":{"line":55,"column":7}},"31":{"start":{"line":56,"column":6},"end":{"line":56,"column":29}},"32":{"start":{"line":56,"column":24},"end":{"line":56,"column":29}},"33":{"start":{"line":57,"column":6},"end":{"line":57,"column":55}},"34":{"start":{"line":57,"column":38},"end":{"line":57,"column":53}},"35":{"start":{"line":58,"column":6},"end":{"line":58,"column":34}},"36":{"start":{"line":58,"column":29},"end":{"line":58,"column":34}},"37":{"start":{"line":59,"column":6},"end":{"line":59,"column":12}},"38":{"start":{"line":61,"column":6},"end":{"line":61,"column":96}},"39":{"start":{"line":62,"column":6},"end":{"line":62,"column":11}},"40":{"start":{"line":66,"column":2},"end":{"line":66,"column":15}},"41":{"start":{"line":71,"column":14},"end":{"line":71,"column":16}},"42":{"start":{"line":72,"column":13},"end":{"line":72,"column":14}},"43":{"start":{"line":74,"column":2},"end":{"line":87,"column":3}},"44":{"start":{"line":75,"column":4},"end":{"line":86,"column":5}},"45":{"start":{"line":76,"column":23},"end":{"line":78,"column":7}},"46":{"start":{"line":79,"column":6},"end":{"line":79,"column":29}},"47":{"start":{"line":79,"column":24},"end":{"line":79,"column":29}},"48":{"start":{"line":80,"column":6},"end":{"line":80,"column":23}},"49":{"start":{"line":81,"column":6},"end":{"line":81,"column":34}},"50":{"start":{"line":81,"column":29},"end":{"line":81,"column":34}},"51":{"start":{"line":82,"column":6},"end":{"line":82,"column":12}},"52":{"start":{"line":84,"column":6},"end":{"line":84,"column":93}},"53":{"start":{"line":85,"column":6},"end":{"line":85,"column":11}},"54":{"start":{"line":89,"column":2},"end":{"line":89,"column":12}},"55":{"start":{"line":94,"column":2},"end":{"line":94,"column":34}},"56":{"start":{"line":94,"column":26},"end":{"line":94,"column":34}},"57":{"start":{"line":96,"column":21},"end":{"line":98,"column":14}},"58":{"start":{"line":96,"column":53},"end":{"line":96,"column":81}},"59":{"start":{"line":100,"column":16},"end":{"line":100,"column":53}},"60":{"start":{"line":101,"column":20},"end":{"line":101,"column":78}},"61":{"start":{"line":104,"column":2},"end":{"line":104,"column":70}},"62":{"start":{"line":104,"column":62},"end":{"line":104,"column":70}},"63":{"start":{"line":106,"column":15},"end":{"line":106,"column":16}},"64":{"start":{"line":107,"column":2},"end":{"line":116,"column":3}},"65":{"start":{"line":107,"column":15},"end":{"line":107,"column":16}},"66":{"start":{"line":108,"column":17},"end":{"line":108,"column":44}},"67":{"start":{"line":109,"column":17},"end":{"line":109,"column":40}},"68":{"start":{"line":110,"column":21},"end":{"line":110,"column":45}},"69":{"start":{"line":111,"column":4},"end":{"line":115,"column":5}},"70":{"start":{"line":112,"column":6},"end":{"line":112,"column":14}},"71":{"start":{"line":114,"column":6},"end":{"line":114,"column":11}},"72":{"start":{"line":117,"column":2},"end":{"line":117,"column":15}},"73":{"start":{"line":123,"column":2},"end":{"line":126,"column":3}},"74":{"start":{"line":124,"column":4},"end":{"line":124,"column":47}},"75":{"start":{"line":125,"column":4},"end":{"line":125,"column":16}},"76":{"start":{"line":128,"column":2},"end":{"line":128,"column":106}},"77":{"start":{"line":130,"column":16},"end":{"line":130,"column":34}},"78":{"start":{"line":133,"column":23},"end":{"line":133,"column":25}},"79":{"start":{"line":134,"column":2},"end":{"line":149,"column":3}},"80":{"start":{"line":135,"column":4},"end":{"line":135,"column":51}},"81":{"start":{"line":135,"column":43},"end":{"line":135,"column":51}},"82":{"start":{"line":136,"column":4},"end":{"line":148,"column":5}},"83":{"start":{"line":152,"column":23},"end":{"line":152,"column":32}},"84":{"start":{"line":155,"column":2},"end":{"line":196,"column":3}},"85":{"start":{"line":156,"column":26},"end":{"line":156,"column":47}},"86":{"start":{"line":157,"column":19},"end":{"line":157,"column":54}},"87":{"start":{"line":159,"column":4},"end":{"line":195,"column":5}},"88":{"start":{"line":160,"column":21},"end":{"line":160,"column":63}},"89":{"start":{"line":160,"column":51},"end":{"line":160,"column":62}},"90":{"start":{"line":161,"column":20},"end":{"line":161,"column":40}},"91":{"start":{"line":162,"column":6},"end":{"line":162,"column":50}},"92":{"start":{"line":162,"column":42},"end":{"line":162,"column":50}},"93":{"start":{"line":165,"column":24},"end":{"line":165,"column":50}},"94":{"start":{"line":166,"column":6},"end":{"line":166,"column":62}},"95":{"start":{"line":166,"column":54},"end":{"line":166,"column":62}},"96":{"start":{"line":167,"column":6},"end":{"line":167,"column":58}},"97":{"start":{"line":167,"column":50},"end":{"line":167,"column":58}},"98":{"start":{"line":169,"column":6},"end":{"line":169,"column":62}},"99":{"start":{"line":171,"column":6},"end":{"line":171,"column":42}},"100":{"start":{"line":173,"column":6},"end":{"line":184,"column":7}},"101":{"start":{"line":174,"column":8},"end":{"line":174,"column":42}},"102":{"start":{"line":176,"column":8},"end":{"line":183,"column":9}},"103":{"start":{"line":177,"column":27},"end":{"line":177,"column":52}},"104":{"start":{"line":178,"column":29},"end":{"line":178,"column":70}},"105":{"start":{"line":179,"column":10},"end":{"line":181,"column":11}},"106":{"start":{"line":180,"column":12},"end":{"line":180,"column":60}},"107":{"start":{"line":182,"column":10},"end":{"line":182,"column":56}},"108":{"start":{"line":187,"column":28},"end":{"line":187,"column":75}},"109":{"start":{"line":187,"column":47},"end":{"line":187,"column":74}},"110":{"start":{"line":188,"column":6},"end":{"line":194,"column":7}},"111":{"start":{"line":189,"column":20},"end":{"line":189,"column":30}},"112":{"start":{"line":190,"column":26},"end":{"line":190,"column":52}},"113":{"start":{"line":192,"column":29},"end":{"line":192,"column":65}},"114":{"start":{"line":193,"column":8},"end":{"line":193,"column":82}},"115":{"start":{"line":199,"column":2},"end":{"line":239,"column":3}},"116":{"start":{"line":200,"column":26},"end":{"line":200,"column":47}},"117":{"start":{"line":201,"column":16},"end":{"line":201,"column":46}},"118":{"start":{"line":203,"column":4},"end":{"line":238,"column":5}},"119":{"start":{"line":205,"column":24},"end":{"line":205,"column":47}},"120":{"start":{"line":206,"column":6},"end":{"line":206,"column":62}},"121":{"start":{"line":206,"column":54},"end":{"line":206,"column":62}},"122":{"start":{"line":207,"column":6},"end":{"line":207,"column":58}},"123":{"start":{"line":207,"column":50},"end":{"line":207,"column":58}},"124":{"start":{"line":210,"column":18},"end":{"line":210,"column":22}},"125":{"start":{"line":213,"column":23},"end":{"line":213,"column":62}},"126":{"start":{"line":213,"column":50},"end":{"line":213,"column":61}},"127":{"start":{"line":214,"column":6},"end":{"line":214,"column":36}},"128":{"start":{"line":217,"column":6},"end":{"line":222,"column":7}},"129":{"start":{"line":218,"column":27},"end":{"line":218,"column":63}},"130":{"start":{"line":219,"column":8},"end":{"line":221,"column":9}},"131":{"start":{"line":220,"column":10},"end":{"line":220,"column":68}},"132":{"start":{"line":225,"column":6},"end":{"line":230,"column":7}},"133":{"start":{"line":226,"column":28},"end":{"line":226,"column":63}},"134":{"start":{"line":227,"column":8},"end":{"line":229,"column":9}},"135":{"start":{"line":228,"column":10},"end":{"line":228,"column":69}},"136":{"start":{"line":232,"column":6},"end":{"line":232,"column":50}},"137":{"start":{"line":232,"column":42},"end":{"line":232,"column":50}},"138":{"start":{"line":234,"column":6},"end":{"line":234,"column":37}},"139":{"start":{"line":235,"column":6},"end":{"line":237,"column":7}},"140":{"start":{"line":236,"column":8},"end":{"line":236,"column":39}},"141":{"start":{"line":242,"column":2},"end":{"line":262,"column":3}},"142":{"start":{"line":244,"column":4},"end":{"line":251,"column":5}},"143":{"start":{"line":245,"column":21},"end":{"line":245,"column":67}},"144":{"start":{"line":245,"column":61},"end":{"line":245,"column":66}},"145":{"start":{"line":246,"column":18},"end":{"line":246,"column":47}},"146":{"start":{"line":247,"column":21},"end":{"line":249,"column":21}},"147":{"start":{"line":250,"column":6},"end":{"line":250,"column":62}},"148":{"start":{"line":254,"column":4},"end":{"line":254,"column":64}},"149":{"start":{"line":257,"column":4},"end":{"line":257,"column":77}},"150":{"start":{"line":260,"column":4},"end":{"line":260,"column":30}},"151":{"start":{"line":261,"column":4},"end":{"line":261,"column":30}},"152":{"start":{"line":264,"column":14},"end":{"line":264,"column":24}},"153":{"start":{"line":265,"column":17},"end":{"line":272,"column":3}},"154":{"start":{"line":275,"column":2},"end":{"line":278,"column":3}},"155":{"start":{"line":276,"column":4},"end":{"line":276,"column":18}},"156":{"start":{"line":277,"column":4},"end":{"line":277,"column":26}},"157":{"start":{"line":280,"column":2},"end":{"line":280,"column":15}},"158":{"start":{"line":285,"column":2},"end":{"line":304,"column":3}},"159":{"start":{"line":286,"column":20},"end":{"line":286,"column":47}},"160":{"start":{"line":288,"column":17},"end":{"line":291,"column":19}},"161":{"start":{"line":293,"column":20},"end":{"line":293,"column":60}},"162":{"start":{"line":294,"column":4},"end":{"line":297,"column":5}},"163":{"start":{"line":295,"column":6},"end":{"line":295,"column":66}},"164":{"start":{"line":296,"column":6},"end":{"line":296,"column":12}},"165":{"start":{"line":299,"column":15},"end":{"line":299,"column":39}},"166":{"start":{"line":300,"column":3},"end":{"line":300,"column":62}},"167":{"start":{"line":301,"column":4},"end":{"line":301,"column":49}},"168":{"start":{"line":303,"column":4},"end":{"line":303,"column":75}},"169":{"start":{"line":309,"column":2},"end":{"line":309,"column":58}},"170":{"start":{"line":314,"column":2},"end":{"line":314,"column":14}},"171":{"start":{"line":315,"column":2},"end":{"line":315,"column":15}}},"fnMap":{"0":{"name":"getAllSquadRepos","decl":{"start":{"line":16,"column":9},"end":{"line":16,"column":25}},"loc":{"start":{"line":16,"column":28},"end":{"line":33,"column":1}},"line":16},"1":{"name":"(anonymous_1)","decl":{"start":{"line":25,"column":28},"end":{"line":25,"column":29}},"loc":{"start":{"line":25,"column":33},"end":{"line":25,"column":48}},"line":25},"2":{"name":"extractAgent","decl":{"start":{"line":36,"column":9},"end":{"line":36,"column":21}},"loc":{"start":{"line":36,"column":30},"end":{"line":44,"column":1}},"line":36},"3":{"name":"fetchSquadIssues","decl":{"start":{"line":47,"column":15},"end":{"line":47,"column":31}},"loc":{"start":{"line":47,"column":45},"end":{"line":67,"column":1}},"line":47},"4":{"name":"(anonymous_4)","decl":{"start":{"line":57,"column":33},"end":{"line":57,"column":34}},"loc":{"start":{"line":57,"column":38},"end":{"line":57,"column":53}},"line":57},"5":{"name":"fetchAllPRs","decl":{"start":{"line":70,"column":15},"end":{"line":70,"column":26}},"loc":{"start":{"line":70,"column":40},"end":{"line":90,"column":1}},"line":70},"6":{"name":"calculateStreak","decl":{"start":{"line":93,"column":9},"end":{"line":93,"column":24}},"loc":{"start":{"line":93,"column":37},"end":{"line":118,"column":1}},"line":93},"7":{"name":"(anonymous_7)","decl":{"start":{"line":96,"column":48},"end":{"line":96,"column":49}},"loc":{"start":{"line":96,"column":53},"end":{"line":96,"column":81}},"line":96},"8":{"name":"computeAgentMetrics","decl":{"start":{"line":121,"column":22},"end":{"line":121,"column":41}},"loc":{"start":{"line":121,"column":73},"end":{"line":281,"column":1}},"line":121},"9":{"name":"(anonymous_9)","decl":{"start":{"line":160,"column":46},"end":{"line":160,"column":47}},"loc":{"start":{"line":160,"column":51},"end":{"line":160,"column":62}},"line":160},"10":{"name":"(anonymous_10)","decl":{"start":{"line":187,"column":42},"end":{"line":187,"column":43}},"loc":{"start":{"line":187,"column":47},"end":{"line":187,"column":74}},"line":187},"11":{"name":"(anonymous_11)","decl":{"start":{"line":213,"column":45},"end":{"line":213,"column":46}},"loc":{"start":{"line":213,"column":50},"end":{"line":213,"column":61}},"line":213},"12":{"name":"(anonymous_12)","decl":{"start":{"line":245,"column":51},"end":{"line":245,"column":52}},"loc":{"start":{"line":245,"column":61},"end":{"line":245,"column":66}},"line":245},"13":{"name":"snapshotAgentProductivity","decl":{"start":{"line":284,"column":22},"end":{"line":284,"column":47}},"loc":{"start":{"line":284,"column":50},"end":{"line":305,"column":1}},"line":284},"14":{"name":"queryProductivityHistory","decl":{"start":{"line":308,"column":16},"end":{"line":308,"column":40}},"loc":{"start":{"line":308,"column":51},"end":{"line":310,"column":1}},"line":308},"15":{"name":"clearAgentMetricsCache","decl":{"start":{"line":313,"column":16},"end":{"line":313,"column":38}},"loc":{"start":{"line":313,"column":41},"end":{"line":316,"column":1}},"line":313}},"branchMap":{"0":{"loc":{"start":{"line":19,"column":4},"end":{"line":19,"column":37}},"type":"if","locations":[{"start":{"line":19,"column":4},"end":{"line":19,"column":37}},{"start":{},"end":{}}],"line":19},"1":{"loc":{"start":{"line":26,"column":4},"end":{"line":30,"column":5}},"type":"if","locations":[{"start":{"line":26,"column":4},"end":{"line":30,"column":5}},{"start":{"line":28,"column":11},"end":{"line":30,"column":5}}],"line":26},"2":{"loc":{"start":{"line":38,"column":17},"end":{"line":38,"column":63}},"type":"cond-expr","locations":[{"start":{"line":38,"column":45},"end":{"line":38,"column":50}},{"start":{"line":38,"column":53},"end":{"line":38,"column":63}}],"line":38},"3":{"loc":{"start":{"line":39,"column":4},"end":{"line":39,"column":23}},"type":"if","locations":[{"start":{"line":39,"column":4},"end":{"line":39,"column":23}},{"start":{},"end":{}}],"line":39},"4":{"loc":{"start":{"line":41,"column":4},"end":{"line":41,"column":56}},"type":"if","locations":[{"start":{"line":41,"column":4},"end":{"line":41,"column":56}},{"start":{},"end":{}}],"line":41},"5":{"loc":{"start":{"line":41,"column":8},"end":{"line":41,"column":39}},"type":"binary-expr","locations":[{"start":{"line":41,"column":8},"end":{"line":41,"column":13}},{"start":{"line":41,"column":17},"end":{"line":41,"column":39}}],"line":41},"6":{"loc":{"start":{"line":56,"column":6},"end":{"line":56,"column":29}},"type":"if","locations":[{"start":{"line":56,"column":6},"end":{"line":56,"column":29}},{"start":{},"end":{}}],"line":56},"7":{"loc":{"start":{"line":58,"column":6},"end":{"line":58,"column":34}},"type":"if","locations":[{"start":{"line":58,"column":6},"end":{"line":58,"column":34}},{"start":{},"end":{}}],"line":58},"8":{"loc":{"start":{"line":79,"column":6},"end":{"line":79,"column":29}},"type":"if","locations":[{"start":{"line":79,"column":6},"end":{"line":79,"column":29}},{"start":{},"end":{}}],"line":79},"9":{"loc":{"start":{"line":81,"column":6},"end":{"line":81,"column":34}},"type":"if","locations":[{"start":{"line":81,"column":6},"end":{"line":81,"column":34}},{"start":{},"end":{}}],"line":81},"10":{"loc":{"start":{"line":94,"column":2},"end":{"line":94,"column":34}},"type":"if","locations":[{"start":{"line":94,"column":2},"end":{"line":94,"column":34}},{"start":{},"end":{}}],"line":94},"11":{"loc":{"start":{"line":104,"column":2},"end":{"line":104,"column":70}},"type":"if","locations":[{"start":{"line":104,"column":2},"end":{"line":104,"column":70}},{"start":{},"end":{}}],"line":104},"12":{"loc":{"start":{"line":104,"column":6},"end":{"line":104,"column":60}},"type":"binary-expr","locations":[{"start":{"line":104,"column":6},"end":{"line":104,"column":29}},{"start":{"line":104,"column":33},"end":{"line":104,"column":60}}],"line":104},"13":{"loc":{"start":{"line":111,"column":4},"end":{"line":115,"column":5}},"type":"if","locations":[{"start":{"line":111,"column":4},"end":{"line":115,"column":5}},{"start":{"line":113,"column":11},"end":{"line":115,"column":5}}],"line":111},"14":{"loc":{"start":{"line":123,"column":2},"end":{"line":126,"column":3}},"type":"if","locations":[{"start":{"line":123,"column":2},"end":{"line":126,"column":3}},{"start":{},"end":{}}],"line":123},"15":{"loc":{"start":{"line":123,"column":6},"end":{"line":123,"column":89}},"type":"binary-expr","locations":[{"start":{"line":123,"column":6},"end":{"line":123,"column":15}},{"start":{"line":123,"column":19},"end":{"line":123,"column":26}},{"start":{"line":123,"column":30},"end":{"line":123,"column":42}},{"start":{"line":123,"column":46},"end":{"line":123,"column":51}},{"start":{"line":123,"column":55},"end":{"line":123,"column":89}}],"line":123},"16":{"loc":{"start":{"line":135,"column":4},"end":{"line":135,"column":51}},"type":"if","locations":[{"start":{"line":135,"column":4},"end":{"line":135,"column":51}},{"start":{},"end":{}}],"line":135},"17":{"loc":{"start":{"line":135,"column":8},"end":{"line":135,"column":41}},"type":"binary-expr","locations":[{"start":{"line":135,"column":8},"end":{"line":135,"column":19}},{"start":{"line":135,"column":23},"end":{"line":135,"column":41}}],"line":135},"18":{"loc":{"start":{"line":160,"column":22},"end":{"line":160,"column":40}},"type":"binary-expr","locations":[{"start":{"line":160,"column":22},"end":{"line":160,"column":34}},{"start":{"line":160,"column":38},"end":{"line":160,"column":40}}],"line":160},"19":{"loc":{"start":{"line":160,"column":51},"end":{"line":160,"column":62}},"type":"binary-expr","locations":[{"start":{"line":160,"column":51},"end":{"line":160,"column":57}},{"start":{"line":160,"column":61},"end":{"line":160,"column":62}}],"line":160},"20":{"loc":{"start":{"line":162,"column":6},"end":{"line":162,"column":50}},"type":"if","locations":[{"start":{"line":162,"column":6},"end":{"line":162,"column":50}},{"start":{},"end":{}}],"line":162},"21":{"loc":{"start":{"line":162,"column":10},"end":{"line":162,"column":40}},"type":"binary-expr","locations":[{"start":{"line":162,"column":10},"end":{"line":162,"column":16}},{"start":{"line":162,"column":20},"end":{"line":162,"column":40}}],"line":162},"22":{"loc":{"start":{"line":166,"column":6},"end":{"line":166,"column":62}},"type":"if","locations":[{"start":{"line":166,"column":6},"end":{"line":166,"column":62}},{"start":{},"end":{}}],"line":166},"23":{"loc":{"start":{"line":166,"column":10},"end":{"line":166,"column":52}},"type":"binary-expr","locations":[{"start":{"line":166,"column":10},"end":{"line":166,"column":18}},{"start":{"line":166,"column":22},"end":{"line":166,"column":52}}],"line":166},"24":{"loc":{"start":{"line":167,"column":6},"end":{"line":167,"column":58}},"type":"if","locations":[{"start":{"line":167,"column":6},"end":{"line":167,"column":58}},{"start":{},"end":{}}],"line":167},"25":{"loc":{"start":{"line":167,"column":10},"end":{"line":167,"column":48}},"type":"binary-expr","locations":[{"start":{"line":167,"column":10},"end":{"line":167,"column":16}},{"start":{"line":167,"column":20},"end":{"line":167,"column":48}}],"line":167},"26":{"loc":{"start":{"line":173,"column":6},"end":{"line":184,"column":7}},"type":"if","locations":[{"start":{"line":173,"column":6},"end":{"line":184,"column":7}},{"start":{},"end":{}}],"line":173},"27":{"loc":{"start":{"line":176,"column":8},"end":{"line":183,"column":9}},"type":"if","locations":[{"start":{"line":176,"column":8},"end":{"line":183,"column":9}},{"start":{},"end":{}}],"line":176},"28":{"loc":{"start":{"line":179,"column":10},"end":{"line":181,"column":11}},"type":"if","locations":[{"start":{"line":179,"column":10},"end":{"line":181,"column":11}},{"start":{},"end":{}}],"line":179},"29":{"loc":{"start":{"line":188,"column":6},"end":{"line":194,"column":7}},"type":"if","locations":[{"start":{"line":188,"column":6},"end":{"line":194,"column":7}},{"start":{},"end":{}}],"line":188},"30":{"loc":{"start":{"line":188,"column":10},"end":{"line":188,"column":60}},"type":"binary-expr","locations":[{"start":{"line":188,"column":10},"end":{"line":188,"column":34}},{"start":{"line":188,"column":38},"end":{"line":188,"column":60}}],"line":188},"31":{"loc":{"start":{"line":206,"column":6},"end":{"line":206,"column":62}},"type":"if","locations":[{"start":{"line":206,"column":6},"end":{"line":206,"column":62}},{"start":{},"end":{}}],"line":206},"32":{"loc":{"start":{"line":206,"column":10},"end":{"line":206,"column":52}},"type":"binary-expr","locations":[{"start":{"line":206,"column":10},"end":{"line":206,"column":18}},{"start":{"line":206,"column":22},"end":{"line":206,"column":52}}],"line":206},"33":{"loc":{"start":{"line":207,"column":6},"end":{"line":207,"column":58}},"type":"if","locations":[{"start":{"line":207,"column":6},"end":{"line":207,"column":58}},{"start":{},"end":{}}],"line":207},"34":{"loc":{"start":{"line":207,"column":10},"end":{"line":207,"column":48}},"type":"binary-expr","locations":[{"start":{"line":207,"column":10},"end":{"line":207,"column":16}},{"start":{"line":207,"column":20},"end":{"line":207,"column":48}}],"line":207},"35":{"loc":{"start":{"line":213,"column":24},"end":{"line":213,"column":39}},"type":"binary-expr","locations":[{"start":{"line":213,"column":24},"end":{"line":213,"column":33}},{"start":{"line":213,"column":37},"end":{"line":213,"column":39}}],"line":213},"36":{"loc":{"start":{"line":213,"column":50},"end":{"line":213,"column":61}},"type":"binary-expr","locations":[{"start":{"line":213,"column":50},"end":{"line":213,"column":56}},{"start":{"line":213,"column":60},"end":{"line":213,"column":61}}],"line":213},"37":{"loc":{"start":{"line":217,"column":6},"end":{"line":222,"column":7}},"type":"if","locations":[{"start":{"line":217,"column":6},"end":{"line":222,"column":7}},{"start":{},"end":{}}],"line":217},"38":{"loc":{"start":{"line":217,"column":10},"end":{"line":217,"column":27}},"type":"binary-expr","locations":[{"start":{"line":217,"column":10},"end":{"line":217,"column":16}},{"start":{"line":217,"column":20},"end":{"line":217,"column":27}}],"line":217},"39":{"loc":{"start":{"line":219,"column":8},"end":{"line":221,"column":9}},"type":"if","locations":[{"start":{"line":219,"column":8},"end":{"line":221,"column":9}},{"start":{},"end":{}}],"line":219},"40":{"loc":{"start":{"line":225,"column":6},"end":{"line":230,"column":7}},"type":"if","locations":[{"start":{"line":225,"column":6},"end":{"line":230,"column":7}},{"start":{},"end":{}}],"line":225},"41":{"loc":{"start":{"line":225,"column":10},"end":{"line":225,"column":32}},"type":"binary-expr","locations":[{"start":{"line":225,"column":10},"end":{"line":225,"column":16}},{"start":{"line":225,"column":20},"end":{"line":225,"column":32}}],"line":225},"42":{"loc":{"start":{"line":227,"column":8},"end":{"line":229,"column":9}},"type":"if","locations":[{"start":{"line":227,"column":8},"end":{"line":229,"column":9}},{"start":{},"end":{}}],"line":227},"43":{"loc":{"start":{"line":232,"column":6},"end":{"line":232,"column":50}},"type":"if","locations":[{"start":{"line":232,"column":6},"end":{"line":232,"column":50}},{"start":{},"end":{}}],"line":232},"44":{"loc":{"start":{"line":232,"column":10},"end":{"line":232,"column":40}},"type":"binary-expr","locations":[{"start":{"line":232,"column":10},"end":{"line":232,"column":16}},{"start":{"line":232,"column":20},"end":{"line":232,"column":40}}],"line":232},"45":{"loc":{"start":{"line":235,"column":6},"end":{"line":237,"column":7}},"type":"if","locations":[{"start":{"line":235,"column":6},"end":{"line":237,"column":7}},{"start":{},"end":{}}],"line":235},"46":{"loc":{"start":{"line":244,"column":4},"end":{"line":251,"column":5}},"type":"if","locations":[{"start":{"line":244,"column":4},"end":{"line":251,"column":5}},{"start":{},"end":{}}],"line":244},"47":{"loc":{"start":{"line":247,"column":21},"end":{"line":249,"column":21}},"type":"cond-expr","locations":[{"start":{"line":248,"column":10},"end":{"line":248,"column":45}},{"start":{"line":249,"column":10},"end":{"line":249,"column":21}}],"line":247},"48":{"loc":{"start":{"line":268,"column":12},"end":{"line":268,"column":28}},"type":"binary-expr","locations":[{"start":{"line":268,"column":12},"end":{"line":268,"column":20}},{"start":{"line":268,"column":24},"end":{"line":268,"column":28}}],"line":268},"49":{"loc":{"start":{"line":269,"column":10},"end":{"line":269,"column":24}},"type":"binary-expr","locations":[{"start":{"line":269,"column":10},"end":{"line":269,"column":16}},{"start":{"line":269,"column":20},"end":{"line":269,"column":24}}],"line":269},"50":{"loc":{"start":{"line":275,"column":2},"end":{"line":278,"column":3}},"type":"if","locations":[{"start":{"line":275,"column":2},"end":{"line":278,"column":3}},{"start":{},"end":{}}],"line":275},"51":{"loc":{"start":{"line":275,"column":6},"end":{"line":275,"column":42}},"type":"binary-expr","locations":[{"start":{"line":275,"column":6},"end":{"line":275,"column":15}},{"start":{"line":275,"column":19},"end":{"line":275,"column":26}},{"start":{"line":275,"column":30},"end":{"line":275,"column":42}}],"line":275},"52":{"loc":{"start":{"line":294,"column":4},"end":{"line":297,"column":5}},"type":"if","locations":[{"start":{"line":294,"column":4},"end":{"line":297,"column":5}},{"start":{},"end":{}}],"line":294}},"s":{"0":1,"1":1,"2":1,"3":1,"4":1,"5":21,"6":21,"7":84,"8":0,"9":84,"10":21,"11":21,"12":21,"13":21,"14":21,"15":21,"16":0,"17":21,"18":17,"19":29,"20":29,"21":0,"22":29,"23":29,"24":15,"25":2,"26":21,"27":21,"28":21,"29":21,"30":21,"31":20,"32":11,"33":9,"34":14,"35":9,"36":9,"37":0,"38":1,"39":1,"40":21,"41":21,"42":21,"43":21,"44":21,"45":21,"46":20,"47":17,"48":3,"49":3,"50":3,"51":0,"52":1,"53":1,"54":21,"55":81,"56":78,"57":3,"58":4,"59":3,"60":3,"61":3,"62":2,"63":1,"64":1,"65":1,"66":0,"67":0,"68":0,"69":0,"70":0,"71":0,"72":1,"73":22,"74":1,"75":1,"76":21,"77":21,"78":21,"79":21,"80":84,"81":3,"82":81,"83":21,"84":21,"85":21,"86":21,"87":21,"88":14,"89":29,"90":14,"91":14,"92":1,"93":13,"94":13,"95":1,"96":12,"97":0,"98":12,"99":12,"100":12,"101":4,"102":4,"103":4,"104":4,"105":4,"106":4,"107":4,"108":12,"109":25,"110":12,"111":1,"112":1,"113":1,"114":1,"115":21,"116":21,"117":21,"118":21,"119":3,"120":3,"121":0,"122":3,"123":0,"124":3,"125":3,"126":1,"127":3,"128":3,"129":2,"130":2,"131":1,"132":3,"133":1,"134":1,"135":1,"136":3,"137":0,"138":3,"139":3,"140":2,"141":21,"142":81,"143":3,"144":1,"145":3,"146":3,"147":3,"148":81,"149":81,"150":81,"151":81,"152":21,"153":21,"154":22,"155":17,"156":17,"157":21,"158":4,"159":4,"160":4,"161":4,"162":4,"163":2,"164":2,"165":2,"166":2,"167":2,"168":0,"169":1,"170":21,"171":21},"f":{"0":21,"1":21,"2":17,"3":21,"4":14,"5":21,"6":81,"7":4,"8":22,"9":29,"10":25,"11":1,"12":1,"13":4,"14":1,"15":21},"b":{"0":[0,84],"1":[21,0],"2":[29,0],"3":[0,29],"4":[15,14],"5":[29,15],"6":[11,9],"7":[9,0],"8":[17,3],"9":[3,0],"10":[78,3],"11":[2,1],"12":[3,3],"13":[0,0],"14":[1,21],"15":[22,19,19,18,1],"16":[3,81],"17":[84,4],"18":[14,0],"19":[29,0],"20":[1,13],"21":[14,14],"22":[1,12],"23":[13,2],"24":[0,12],"25":[12,1],"26":[4,8],"27":[4,0],"28":[4,0],"29":[1,11],"30":[12,1],"31":[0,3],"32":[3,0],"33":[0,3],"34":[3,0],"35":[3,0],"36":[1,0],"37":[2,1],"38":[3,2],"39":[1,1],"40":[1,2],"41":[3,1],"42":[1,0],"43":[0,3],"44":[3,3],"45":[2,1],"46":[3,78],"47":[1,2],"48":[21,18],"49":[22,18],"50":[17,5],"51":[22,18,18],"52":[2,2]},"meta":{"lastBranch":53,"lastFunction":16,"lastStatement":172,"seen":{"s:7:12:7:54":0,"s:9:18:9:31":1,"s:10:25:10:45":2,"s:12:12:12:16":3,"s:13:16:13:17":4,"f:16:9:16:25":0,"s:17:18:17:27":5,"s:18:2:21:3":6,"b:19:4:19:37:undefined:undefined:undefined:undefined":0,"s:19:4:19:37":7,"s:19:29:19:37":8,"s:20:4:20:26":9,"s:23:22:23:31":10,"s:24:2:31:3":11,"s:25:17:25:49":12,"f:25:28:25:29":1,"s:25:33:25:48":13,"b:26:4:30:5:28:11:30:5":1,"s:26:4:30:5":14,"s:27:6:27:34":15,"s:29:6:29:48":16,"s:32:2:32:25":17,"f:36:9:36:21":2,"s:37:2:42:3":18,"s:38:17:38:63":19,"b:38:45:38:50:38:53:38:63":2,"b:39:4:39:23:undefined:undefined:undefined:undefined":3,"s:39:4:39:23":20,"s:39:15:39:23":21,"s:40:18:40:45":22,"b:41:4:41:56:undefined:undefined:undefined:undefined":4,"s:41:4:41:56":23,"b:41:8:41:13:41:17:41:39":5,"s:41:41:41:56":24,"s:43:2:43:13":25,"f:47:15:47:31":3,"s:48:17:48:19":26,"s:49:13:49:14":27,"s:51:2:64:3":28,"s:52:4:63:5":29,"s:53:23:55:7":30,"b:56:6:56:29:undefined:undefined:undefined:undefined":6,"s:56:6:56:29":31,"s:56:24:56:29":32,"s:57:6:57:55":33,"f:57:33:57:34":4,"s:57:38:57:53":34,"b:58:6:58:34:undefined:undefined:undefined:undefined":7,"s:58:6:58:34":35,"s:58:29:58:34":36,"s:59:6:59:12":37,"s:61:6:61:96":38,"s:62:6:62:11":39,"s:66:2:66:15":40,"f:70:15:70:26":5,"s:71:14:71:16":41,"s:72:13:72:14":42,"s:74:2:87:3":43,"s:75:4:86:5":44,"s:76:23:78:7":45,"b:79:6:79:29:undefined:undefined:undefined:undefined":8,"s:79:6:79:29":46,"s:79:24:79:29":47,"s:80:6:80:23":48,"b:81:6:81:34:undefined:undefined:undefined:undefined":9,"s:81:6:81:34":49,"s:81:29:81:34":50,"s:82:6:82:12":51,"s:84:6:84:93":52,"s:85:6:85:11":53,"s:89:2:89:12":54,"f:93:9:93:24":6,"b:94:2:94:34:undefined:undefined:undefined:undefined":10,"s:94:2:94:34":55,"s:94:26:94:34":56,"s:96:21:98:14":57,"f:96:48:96:49":7,"s:96:53:96:81":58,"s:100:16:100:53":59,"s:101:20:101:78":60,"b:104:2:104:70:undefined:undefined:undefined:undefined":11,"s:104:2:104:70":61,"b:104:6:104:29:104:33:104:60":12,"s:104:62:104:70":62,"s:106:15:106:16":63,"s:107:2:116:3":64,"s:107:15:107:16":65,"s:108:17:108:44":66,"s:109:17:109:40":67,"s:110:21:110:45":68,"b:111:4:115:5:113:11:115:5":13,"s:111:4:115:5":69,"s:112:6:112:14":70,"s:114:6:114:11":71,"s:117:2:117:15":72,"f:121:22:121:41":8,"b:123:2:126:3:undefined:undefined:undefined:undefined":14,"s:123:2:126:3":73,"b:123:6:123:15:123:19:123:26:123:30:123:42:123:46:123:51:123:55:123:89":15,"s:124:4:124:47":74,"s:125:4:125:16":75,"s:128:2:128:106":76,"s:130:16:130:34":77,"s:133:23:133:25":78,"s:134:2:149:3":79,"b:135:4:135:51:undefined:undefined:undefined:undefined":16,"s:135:4:135:51":80,"b:135:8:135:19:135:23:135:41":17,"s:135:43:135:51":81,"s:136:4:148:5":82,"s:152:23:152:32":83,"s:155:2:196:3":84,"s:156:26:156:47":85,"s:157:19:157:54":86,"s:159:4:195:5":87,"s:160:21:160:63":88,"b:160:22:160:34:160:38:160:40":18,"f:160:46:160:47":9,"s:160:51:160:62":89,"b:160:51:160:57:160:61:160:62":19,"s:161:20:161:40":90,"b:162:6:162:50:undefined:undefined:undefined:undefined":20,"s:162:6:162:50":91,"b:162:10:162:16:162:20:162:40":21,"s:162:42:162:50":92,"s:165:24:165:50":93,"b:166:6:166:62:undefined:undefined:undefined:undefined":22,"s:166:6:166:62":94,"b:166:10:166:18:166:22:166:52":23,"s:166:54:166:62":95,"b:167:6:167:58:undefined:undefined:undefined:undefined":24,"s:167:6:167:58":96,"b:167:10:167:16:167:20:167:48":25,"s:167:50:167:58":97,"s:169:6:169:62":98,"s:171:6:171:42":99,"b:173:6:184:7:undefined:undefined:undefined:undefined":26,"s:173:6:184:7":100,"s:174:8:174:42":101,"b:176:8:183:9:undefined:undefined:undefined:undefined":27,"s:176:8:183:9":102,"s:177:27:177:52":103,"s:178:29:178:70":104,"b:179:10:181:11:undefined:undefined:undefined:undefined":28,"s:179:10:181:11":105,"s:180:12:180:60":106,"s:182:10:182:56":107,"s:187:28:187:75":108,"f:187:42:187:43":10,"s:187:47:187:74":109,"b:188:6:194:7:undefined:undefined:undefined:undefined":29,"s:188:6:194:7":110,"b:188:10:188:34:188:38:188:60":30,"s:189:20:189:30":111,"s:190:26:190:52":112,"s:192:29:192:65":113,"s:193:8:193:82":114,"s:199:2:239:3":115,"s:200:26:200:47":116,"s:201:16:201:46":117,"s:203:4:238:5":118,"s:205:24:205:47":119,"b:206:6:206:62:undefined:undefined:undefined:undefined":31,"s:206:6:206:62":120,"b:206:10:206:18:206:22:206:52":32,"s:206:54:206:62":121,"b:207:6:207:58:undefined:undefined:undefined:undefined":33,"s:207:6:207:58":122,"b:207:10:207:16:207:20:207:48":34,"s:207:50:207:58":123,"s:210:18:210:22":124,"s:213:23:213:62":125,"b:213:24:213:33:213:37:213:39":35,"f:213:45:213:46":11,"s:213:50:213:61":126,"b:213:50:213:56:213:60:213:61":36,"s:214:6:214:36":127,"b:217:6:222:7:undefined:undefined:undefined:undefined":37,"s:217:6:222:7":128,"b:217:10:217:16:217:20:217:27":38,"s:218:27:218:63":129,"b:219:8:221:9:undefined:undefined:undefined:undefined":39,"s:219:8:221:9":130,"s:220:10:220:68":131,"b:225:6:230:7:undefined:undefined:undefined:undefined":40,"s:225:6:230:7":132,"b:225:10:225:16:225:20:225:32":41,"s:226:28:226:63":133,"b:227:8:229:9:undefined:undefined:undefined:undefined":42,"s:227:8:229:9":134,"s:228:10:228:69":135,"b:232:6:232:50:undefined:undefined:undefined:undefined":43,"s:232:6:232:50":136,"b:232:10:232:16:232:20:232:40":44,"s:232:42:232:50":137,"s:234:6:234:37":138,"b:235:6:237:7:undefined:undefined:undefined:undefined":45,"s:235:6:237:7":139,"s:236:8:236:39":140,"s:242:2:262:3":141,"b:244:4:251:5:undefined:undefined:undefined:undefined":46,"s:244:4:251:5":142,"s:245:21:245:67":143,"f:245:51:245:52":12,"s:245:61:245:66":144,"s:246:18:246:47":145,"s:247:21:249:21":146,"b:248:10:248:45:249:10:249:21":47,"s:250:6:250:62":147,"s:254:4:254:64":148,"s:257:4:257:77":149,"s:260:4:260:30":150,"s:261:4:261:30":151,"s:264:14:264:24":152,"s:265:17:272:3":153,"b:268:12:268:20:268:24:268:28":48,"b:269:10:269:16:269:20:269:24":49,"b:275:2:278:3:undefined:undefined:undefined:undefined":50,"s:275:2:278:3":154,"b:275:6:275:15:275:19:275:26:275:30:275:42":51,"s:276:4:276:18":155,"s:277:4:277:26":156,"s:280:2:280:15":157,"f:284:22:284:47":13,"s:285:2:304:3":158,"s:286:20:286:47":159,"s:288:17:291:19":160,"s:293:20:293:60":161,"b:294:4:297:5:undefined:undefined:undefined:undefined":52,"s:294:4:297:5":162,"s:295:6:295:66":163,"s:296:6:296:12":164,"s:299:15:299:39":165,"s:300:3:300:62":166,"s:301:4:301:49":167,"s:303:4:303:75":168,"f:308:16:308:40":14,"s:309:2:309:58":169,"f:313:16:313:38":15,"s:314:2:314:14":170,"s:315:2:315:15":171}}}
,"C:\\Users\\joperezd\\GitHub Repos\\ffs-squad-monitor\\server\\lib\\csv.js": {"path":"C:\\Users\\joperezd\\GitHub Repos\\ffs-squad-monitor\\server\\lib\\csv.js","statementMap":{"0":{"start":{"line":4,"column":12},"end":{"line":4,"column":20}},"1":{"start":{"line":7,"column":2},"end":{"line":7,"column":54}},"2":{"start":{"line":7,"column":45},"end":{"line":7,"column":54}},"3":{"start":{"line":8,"column":14},"end":{"line":8,"column":27}},"4":{"start":{"line":9,"column":2},"end":{"line":11,"column":3}},"5":{"start":{"line":10,"column":4},"end":{"line":10,"column":41}},"6":{"start":{"line":12,"column":2},"end":{"line":12,"column":12}},"7":{"start":{"line":16,"column":17},"end":{"line":16,"column":74}},"8":{"start":{"line":16,"column":34},"end":{"line":16,"column":63}},"9":{"start":{"line":17,"column":16},"end":{"line":22,"column":3}},"10":{"start":{"line":18,"column":4},"end":{"line":21,"column":16}},"11":{"start":{"line":19,"column":18},"end":{"line":19,"column":75}},"12":{"start":{"line":20,"column":6},"end":{"line":20,"column":29}},"13":{"start":{"line":23,"column":2},"end":{"line":23,"column":54}},"14":{"start":{"line":27,"column":2},"end":{"line":31,"column":3}},"15":{"start":{"line":28,"column":4},"end":{"line":28,"column":60}},"16":{"start":{"line":30,"column":4},"end":{"line":30,"column":68}},"17":{"start":{"line":32,"column":2},"end":{"line":32,"column":76}}},"fnMap":{"0":{"name":"escapeField","decl":{"start":{"line":6,"column":9},"end":{"line":6,"column":20}},"loc":{"start":{"line":6,"column":28},"end":{"line":13,"column":1}},"line":6},"1":{"name":"toCsv","decl":{"start":{"line":15,"column":16},"end":{"line":15,"column":21}},"loc":{"start":{"line":15,"column":37},"end":{"line":24,"column":1}},"line":15},"2":{"name":"(anonymous_2)","decl":{"start":{"line":16,"column":29},"end":{"line":16,"column":30}},"loc":{"start":{"line":16,"column":34},"end":{"line":16,"column":63}},"line":16},"3":{"name":"(anonymous_3)","decl":{"start":{"line":17,"column":25},"end":{"line":17,"column":28}},"loc":{"start":{"line":18,"column":4},"end":{"line":21,"column":16}},"line":18},"4":{"name":"(anonymous_4)","decl":{"start":{"line":18,"column":16},"end":{"line":18,"column":17}},"loc":{"start":{"line":18,"column":21},"end":{"line":21,"column":5}},"line":18},"5":{"name":"setDownloadHeaders","decl":{"start":{"line":26,"column":16},"end":{"line":26,"column":34}},"loc":{"start":{"line":26,"column":58},"end":{"line":33,"column":null}},"line":26}},"branchMap":{"0":{"loc":{"start":{"line":7,"column":2},"end":{"line":7,"column":54}},"type":"if","locations":[{"start":{"line":7,"column":2},"end":{"line":7,"column":54}},{"start":{},"end":{}}],"line":7},"1":{"loc":{"start":{"line":7,"column":6},"end":{"line":7,"column":43}},"type":"binary-expr","locations":[{"start":{"line":7,"column":6},"end":{"line":7,"column":20}},{"start":{"line":7,"column":24},"end":{"line":7,"column":43}}],"line":7},"2":{"loc":{"start":{"line":9,"column":2},"end":{"line":11,"column":3}},"type":"if","locations":[{"start":{"line":9,"column":2},"end":{"line":11,"column":3}},{"start":{},"end":{}}],"line":9},"3":{"loc":{"start":{"line":9,"column":6},"end":{"line":9,"column":88}},"type":"binary-expr","locations":[{"start":{"line":9,"column":6},"end":{"line":9,"column":23}},{"start":{"line":9,"column":27},"end":{"line":9,"column":44}},{"start":{"line":9,"column":48},"end":{"line":9,"column":66}},{"start":{"line":9,"column":70},"end":{"line":9,"column":88}}],"line":9},"4":{"loc":{"start":{"line":16,"column":46},"end":{"line":16,"column":62}},"type":"binary-expr","locations":[{"start":{"line":16,"column":46},"end":{"line":16,"column":53}},{"start":{"line":16,"column":57},"end":{"line":16,"column":62}}],"line":16},"5":{"loc":{"start":{"line":19,"column":18},"end":{"line":19,"column":75}},"type":"cond-expr","locations":[{"start":{"line":19,"column":50},"end":{"line":19,"column":62}},{"start":{"line":19,"column":65},"end":{"line":19,"column":75}}],"line":19},"6":{"loc":{"start":{"line":27,"column":2},"end":{"line":31,"column":3}},"type":"if","locations":[{"start":{"line":27,"column":2},"end":{"line":31,"column":3}},{"start":{"line":29,"column":9},"end":{"line":31,"column":3}}],"line":27}},"s":{"0":1,"1":19,"2":2,"3":17,"4":17,"5":3,"6":14,"7":6,"8":8,"9":6,"10":8,"11":11,"12":11,"13":6,"14":2,"15":1,"16":1,"17":2},"f":{"0":19,"1":6,"2":8,"3":8,"4":11,"5":2},"b":{"0":[2,17],"1":[19,18],"2":[3,14],"3":[17,16,15,14],"4":[8,0],"5":[1,10],"6":[1,1]},"meta":{"lastBranch":7,"lastFunction":6,"lastStatement":18,"seen":{"s:4:12:4:20":0,"f:6:9:6:20":0,"b:7:2:7:54:undefined:undefined:undefined:undefined":0,"s:7:2:7:54":1,"b:7:6:7:20:7:24:7:43":1,"s:7:45:7:54":2,"s:8:14:8:27":3,"b:9:2:11:3:undefined:undefined:undefined:undefined":2,"s:9:2:11:3":4,"b:9:6:9:23:9:27:9:44:9:48:9:66:9:70:9:88":3,"s:10:4:10:41":5,"s:12:2:12:12":6,"f:15:16:15:21":1,"s:16:17:16:74":7,"f:16:29:16:30":2,"s:16:34:16:63":8,"b:16:46:16:53:16:57:16:62":4,"s:17:16:22:3":9,"f:17:25:17:28":3,"s:18:4:21:16":10,"f:18:16:18:17":4,"s:19:18:19:75":11,"b:19:50:19:62:19:65:19:75":5,"s:20:6:20:29":12,"s:23:2:23:54":13,"f:26:16:26:34":5,"b:27:2:31:3:29:9:31:3":6,"s:27:2:31:3":14,"s:28:4:28:60":15,"s:30:4:30:68":16,"s:32:2:32:76":17}}}
,"C:\\Users\\joperezd\\GitHub Repos\\ffs-squad-monitor\\server\\lib\\data-poller.js": {"path":"C:\\Users\\joperezd\\GitHub Repos\\ffs-squad-monitor\\server\\lib\\data-poller.js","statementMap":{"0":{"start":{"line":7,"column":12},"end":{"line":7,"column":54}},"1":{"start":{"line":10,"column":18},"end":{"line":14,"column":1}},"2":{"start":{"line":22,"column":4},"end":{"line":22,"column":28}},"3":{"start":{"line":23,"column":4},"end":{"line":23,"column":35}},"4":{"start":{"line":24,"column":4},"end":{"line":24,"column":25}},"5":{"start":{"line":28,"column":4},"end":{"line":28,"column":29}},"6":{"start":{"line":28,"column":23},"end":{"line":28,"column":29}},"7":{"start":{"line":29,"column":4},"end":{"line":29,"column":24}},"8":{"start":{"line":30,"column":4},"end":{"line":30,"column":75}},"9":{"start":{"line":32,"column":4},"end":{"line":32,"column":75}},"10":{"start":{"line":33,"column":4},"end":{"line":33,"column":75}},"11":{"start":{"line":34,"column":4},"end":{"line":34,"column":72}},"12":{"start":{"line":38,"column":4},"end":{"line":38,"column":30}},"13":{"start":{"line":38,"column":24},"end":{"line":38,"column":30}},"14":{"start":{"line":39,"column":4},"end":{"line":39,"column":25}},"15":{"start":{"line":41,"column":4},"end":{"line":44,"column":5}},"16":{"start":{"line":42,"column":6},"end":{"line":42,"column":26}},"17":{"start":{"line":43,"column":6},"end":{"line":43,"column":52}},"18":{"start":{"line":45,"column":4},"end":{"line":45,"column":24}},"19":{"start":{"line":46,"column":4},"end":{"line":46,"column":31}},"20":{"start":{"line":47,"column":4},"end":{"line":47,"column":40}},"21":{"start":{"line":52,"column":4},"end":{"line":52,"column":27}},"22":{"start":{"line":53,"column":18},"end":{"line":53,"column":72}},"23":{"start":{"line":53,"column":36},"end":{"line":53,"column":59}},"24":{"start":{"line":54,"column":4},"end":{"line":54,"column":33}},"25":{"start":{"line":55,"column":4},"end":{"line":55,"column":64}},"26":{"start":{"line":59,"column":4},"end":{"line":67,"column":5}},"27":{"start":{"line":60,"column":6},"end":{"line":60,"column":16}},"28":{"start":{"line":62,"column":6},"end":{"line":62,"column":70}},"29":{"start":{"line":63,"column":6},"end":{"line":66,"column":8}},"30":{"start":{"line":73,"column":19},"end":{"line":73,"column":38}},"31":{"start":{"line":74,"column":20},"end":{"line":74,"column":66}},"32":{"start":{"line":75,"column":23},"end":{"line":75,"column":53}},"33":{"start":{"line":75,"column":47},"end":{"line":75,"column":51}},"34":{"start":{"line":77,"column":22},"end":{"line":77,"column":60}},"35":{"start":{"line":77,"column":41},"end":{"line":77,"column":59}},"36":{"start":{"line":79,"column":4},"end":{"line":82,"column":5}},"37":{"start":{"line":80,"column":6},"end":{"line":80,"column":57}},"38":{"start":{"line":81,"column":6},"end":{"line":81,"column":68}},"39":{"start":{"line":84,"column":4},"end":{"line":84,"column":49}},"40":{"start":{"line":88,"column":19},"end":{"line":88,"column":44}},"41":{"start":{"line":89,"column":25},"end":{"line":89,"column":58}},"42":{"start":{"line":92,"column":23},"end":{"line":92,"column":32}},"43":{"start":{"line":93,"column":4},"end":{"line":95,"column":5}},"44":{"start":{"line":94,"column":6},"end":{"line":94,"column":66}},"45":{"start":{"line":97,"column":4},"end":{"line":105,"column":5}},"46":{"start":{"line":99,"column":6},"end":{"line":99,"column":51}},"47":{"start":{"line":100,"column":6},"end":{"line":103,"column":8}},"48":{"start":{"line":104,"column":6},"end":{"line":104,"column":12}},"49":{"start":{"line":108,"column":20},"end":{"line":108,"column":22}},"50":{"start":{"line":109,"column":4},"end":{"line":121,"column":5}},"51":{"start":{"line":110,"column":19},"end":{"line":110,"column":40}},"52":{"start":{"line":111,"column":6},"end":{"line":120,"column":7}},"53":{"start":{"line":112,"column":8},"end":{"line":112,"column":27}},"54":{"start":{"line":113,"column":13},"end":{"line":120,"column":7}},"55":{"start":{"line":119,"column":8},"end":{"line":119,"column":27}},"56":{"start":{"line":124,"column":4},"end":{"line":129,"column":5}},"57":{"start":{"line":125,"column":6},"end":{"line":128,"column":7}},"58":{"start":{"line":126,"column":21},"end":{"line":126,"column":42}},"59":{"start":{"line":127,"column":8},"end":{"line":127,"column":50}},"60":{"start":{"line":131,"column":4},"end":{"line":137,"column":5}},"61":{"start":{"line":132,"column":6},"end":{"line":135,"column":8}},"62":{"start":{"line":136,"column":6},"end":{"line":136,"column":69}},"63":{"start":{"line":139,"column":4},"end":{"line":139,"column":49}},"64":{"start":{"line":143,"column":18},"end":{"line":143,"column":40}},"65":{"start":{"line":144,"column":22},"end":{"line":144,"column":54}},"66":{"start":{"line":146,"column":20},"end":{"line":149,"column":47}},"67":{"start":{"line":151,"column":4},"end":{"line":154,"column":5}},"68":{"start":{"line":152,"column":6},"end":{"line":152,"column":54}},"69":{"start":{"line":153,"column":6},"end":{"line":153,"column":39}},"70":{"start":{"line":156,"column":4},"end":{"line":156,"column":43}},"71":{"start":{"line":160,"column":26},"end":{"line":160,"column":42}}},"fnMap":{"0":{"name":"(anonymous_0)","decl":{"start":{"line":21,"column":2},"end":{"line":21,"column":13}},"loc":{"start":{"line":21,"column":16},"end":{"line":25,"column":3}},"line":21},"1":{"name":"(anonymous_1)","decl":{"start":{"line":27,"column":2},"end":{"line":27,"column":7}},"loc":{"start":{"line":27,"column":10},"end":{"line":35,"column":3}},"line":27},"2":{"name":"(anonymous_2)","decl":{"start":{"line":37,"column":2},"end":{"line":37,"column":6}},"loc":{"start":{"line":37,"column":9},"end":{"line":48,"column":3}},"line":37},"3":{"name":"(anonymous_3)","decl":{"start":{"line":50,"column":2},"end":{"line":50,"column":11}},"loc":{"start":{"line":50,"column":34},"end":{"line":56,"column":3}},"line":50},"4":{"name":"(anonymous_4)","decl":{"start":{"line":53,"column":30},"end":{"line":53,"column":31}},"loc":{"start":{"line":53,"column":36},"end":{"line":53,"column":59}},"line":53},"5":{"name":"(anonymous_5)","decl":{"start":{"line":58,"column":8},"end":{"line":58,"column":16}},"loc":{"start":{"line":58,"column":27},"end":{"line":68,"column":3}},"line":58},"6":{"name":"(anonymous_6)","decl":{"start":{"line":72,"column":8},"end":{"line":72,"column":19}},"loc":{"start":{"line":72,"column":22},"end":{"line":85,"column":3}},"line":72},"7":{"name":"(anonymous_7)","decl":{"start":{"line":75,"column":42},"end":{"line":75,"column":43}},"loc":{"start":{"line":75,"column":47},"end":{"line":75,"column":51}},"line":75},"8":{"name":"(anonymous_8)","decl":{"start":{"line":77,"column":36},"end":{"line":77,"column":37}},"loc":{"start":{"line":77,"column":41},"end":{"line":77,"column":59}},"line":77},"9":{"name":"(anonymous_9)","decl":{"start":{"line":87,"column":8},"end":{"line":87,"column":19}},"loc":{"start":{"line":87,"column":22},"end":{"line":140,"column":3}},"line":87},"10":{"name":"(anonymous_10)","decl":{"start":{"line":142,"column":8},"end":{"line":142,"column":18}},"loc":{"start":{"line":142,"column":21},"end":{"line":157,"column":3}},"line":142}},"branchMap":{"0":{"loc":{"start":{"line":28,"column":4},"end":{"line":28,"column":29}},"type":"if","locations":[{"start":{"line":28,"column":4},"end":{"line":28,"column":29}},{"start":{},"end":{}}],"line":28},"1":{"loc":{"start":{"line":38,"column":4},"end":{"line":38,"column":30}},"type":"if","locations":[{"start":{"line":38,"column":4},"end":{"line":38,"column":30}},{"start":{},"end":{}}],"line":38},"2":{"loc":{"start":{"line":74,"column":20},"end":{"line":74,"column":66}},"type":"binary-expr","locations":[{"start":{"line":74,"column":20},"end":{"line":74,"column":53}},{"start":{"line":74,"column":57},"end":{"line":74,"column":66}}],"line":74},"3":{"loc":{"start":{"line":79,"column":4},"end":{"line":82,"column":5}},"type":"if","locations":[{"start":{"line":79,"column":4},"end":{"line":82,"column":5}},{"start":{},"end":{}}],"line":79},"4":{"loc":{"start":{"line":97,"column":4},"end":{"line":105,"column":5}},"type":"if","locations":[{"start":{"line":97,"column":4},"end":{"line":105,"column":5}},{"start":{},"end":{}}],"line":97},"5":{"loc":{"start":{"line":111,"column":6},"end":{"line":120,"column":7}},"type":"if","locations":[{"start":{"line":111,"column":6},"end":{"line":120,"column":7}},{"start":{"line":113,"column":13},"end":{"line":120,"column":7}}],"line":111},"6":{"loc":{"start":{"line":113,"column":13},"end":{"line":120,"column":7}},"type":"if","locations":[{"start":{"line":113,"column":13},"end":{"line":120,"column":7}},{"start":{},"end":{}}],"line":113},"7":{"loc":{"start":{"line":114,"column":8},"end":{"line":117,"column":74}},"type":"binary-expr","locations":[{"start":{"line":114,"column":8},"end":{"line":114,"column":34}},{"start":{"line":115,"column":8},"end":{"line":115,"column":42}},{"start":{"line":116,"column":8},"end":{"line":116,"column":68}},{"start":{"line":117,"column":8},"end":{"line":117,"column":74}}],"line":114},"8":{"loc":{"start":{"line":125,"column":6},"end":{"line":128,"column":7}},"type":"if","locations":[{"start":{"line":125,"column":6},"end":{"line":128,"column":7}},{"start":{},"end":{}}],"line":125},"9":{"loc":{"start":{"line":131,"column":4},"end":{"line":137,"column":5}},"type":"if","locations":[{"start":{"line":131,"column":4},"end":{"line":137,"column":5}},{"start":{},"end":{}}],"line":131},"10":{"loc":{"start":{"line":146,"column":20},"end":{"line":149,"column":47}},"type":"binary-expr","locations":[{"start":{"line":146,"column":20},"end":{"line":146,"column":30}},{"start":{"line":147,"column":6},"end":{"line":147,"column":59}},{"start":{"line":148,"column":6},"end":{"line":148,"column":45}},{"start":{"line":149,"column":6},"end":{"line":149,"column":47}}],"line":146},"11":{"loc":{"start":{"line":151,"column":4},"end":{"line":154,"column":5}},"type":"if","locations":[{"start":{"line":151,"column":4},"end":{"line":154,"column":5}},{"start":{},"end":{}}],"line":151}},"s":{"0":1,"1":1,"2":1,"3":1,"4":1,"5":19,"6":1,"7":18,"8":18,"9":18,"10":18,"11":18,"12":19,"13":1,"14":18,"15":18,"16":54,"17":54,"18":18,"19":18,"20":18,"21":54,"22":54,"23":66,"24":54,"25":54,"26":120,"27":120,"28":2,"29":2,"30":61,"31":59,"32":61,"33":7,"34":61,"35":7,"36":61,"37":5,"38":5,"39":59,"40":38,"41":38,"42":38,"43":38,"44":7,"45":38,"46":18,"47":18,"48":18,"49":20,"50":20,"51":3,"52":3,"53":1,"54":2,"55":0,"56":20,"57":3,"58":1,"59":1,"60":20,"61":2,"62":2,"63":20,"64":21,"65":21,"66":21,"67":21,"68":19,"69":19,"70":21,"71":1},"f":{"0":1,"1":19,"2":19,"3":54,"4":66,"5":120,"6":61,"7":7,"8":7,"9":38,"10":21},"b":{"0":[1,18],"1":[1,18],"2":[59,17],"3":[5,56],"4":[18,20],"5":[1,2],"6":[0,2],"7":[2,2,2,2],"8":[1,2],"9":[2,18],"10":[21,3,2,2],"11":[19,2]},"meta":{"lastBranch":12,"lastFunction":11,"lastStatement":72,"seen":{"s:7:12:7:54":0,"s:10:18:14:1":1,"f:21:2:21:13":0,"s:22:4:22:28":2,"s:23:4:23:35":3,"s:24:4:24:25":4,"f:27:2:27:7":1,"b:28:4:28:29:undefined:undefined:undefined:undefined":0,"s:28:4:28:29":5,"s:28:23:28:29":6,"s:29:4:29:24":7,"s:30:4:30:75":8,"s:32:4:32:75":9,"s:33:4:33:75":10,"s:34:4:34:72":11,"f:37:2:37:6":2,"b:38:4:38:30:undefined:undefined:undefined:undefined":1,"s:38:4:38:30":12,"s:38:24:38:30":13,"s:39:4:39:25":14,"s:41:4:44:5":15,"s:42:6:42:26":16,"s:43:6:43:52":17,"s:45:4:45:24":18,"s:46:4:46:31":19,"s:47:4:47:40":20,"f:50:2:50:11":3,"s:52:4:52:27":21,"s:53:18:53:72":22,"f:53:30:53:31":4,"s:53:36:53:59":23,"s:54:4:54:33":24,"s:55:4:55:64":25,"f:58:8:58:16":5,"s:59:4:67:5":26,"s:60:6:60:16":27,"s:62:6:62:70":28,"s:63:6:66:8":29,"f:72:8:72:19":6,"s:73:19:73:38":30,"s:74:20:74:66":31,"b:74:20:74:53:74:57:74:66":2,"s:75:23:75:53":32,"f:75:42:75:43":7,"s:75:47:75:51":33,"s:77:22:77:60":34,"f:77:36:77:37":8,"s:77:41:77:59":35,"b:79:4:82:5:undefined:undefined:undefined:undefined":3,"s:79:4:82:5":36,"s:80:6:80:57":37,"s:81:6:81:68":38,"s:84:4:84:49":39,"f:87:8:87:19":9,"s:88:19:88:44":40,"s:89:25:89:58":41,"s:92:23:92:32":42,"s:93:4:95:5":43,"s:94:6:94:66":44,"b:97:4:105:5:undefined:undefined:undefined:undefined":4,"s:97:4:105:5":45,"s:99:6:99:51":46,"s:100:6:103:8":47,"s:104:6:104:12":48,"s:108:20:108:22":49,"s:109:4:121:5":50,"s:110:19:110:40":51,"b:111:6:120:7:113:13:120:7":5,"s:111:6:120:7":52,"s:112:8:112:27":53,"b:113:13:120:7:undefined:undefined:undefined:undefined":6,"s:113:13:120:7":54,"b:114:8:114:34:115:8:115:42:116:8:116:68:117:8:117:74":7,"s:119:8:119:27":55,"s:124:4:129:5":56,"b:125:6:128:7:undefined:undefined:undefined:undefined":8,"s:125:6:128:7":57,"s:126:21:126:42":58,"s:127:8:127:50":59,"b:131:4:137:5:undefined:undefined:undefined:undefined":9,"s:131:4:137:5":60,"s:132:6:135:8":61,"s:136:6:136:69":62,"s:139:4:139:49":63,"f:142:8:142:18":10,"s:143:18:143:40":64,"s:144:22:144:54":65,"s:146:20:149:47":66,"b:146:20:146:30:147:6:147:59:148:6:148:45:149:6:149:47":10,"b:151:4:154:5:undefined:undefined:undefined:undefined":11,"s:151:4:154:5":67,"s:152:6:152:54":68,"s:153:6:153:39":69,"s:156:4:156:43":70,"s:160:26:160:42":71}}}
,"C:\\Users\\joperezd\\GitHub Repos\\ffs-squad-monitor\\server\\lib\\event-bus.js": {"path":"C:\\Users\\joperezd\\GitHub Repos\\ffs-squad-monitor\\server\\lib\\event-bus.js","statementMap":{"0":{"start":{"line":5,"column":24},"end":{"line":12,"column":1}},"1":{"start":{"line":14,"column":20},"end":{"line":14,"column":24}},"2":{"start":{"line":18,"column":4},"end":{"line":18,"column":11}},"3":{"start":{"line":19,"column":4},"end":{"line":19,"column":29}},"4":{"start":{"line":20,"column":4},"end":{"line":20,"column":33}},"5":{"start":{"line":21,"column":4},"end":{"line":21,"column":34}},"6":{"start":{"line":22,"column":4},"end":{"line":22,"column":35}},"7":{"start":{"line":23,"column":4},"end":{"line":23,"column":21}},"8":{"start":{"line":24,"column":4},"end":{"line":24,"column":56}},"9":{"start":{"line":28,"column":4},"end":{"line":31,"column":5}},"10":{"start":{"line":29,"column":6},"end":{"line":29,"column":58}},"11":{"start":{"line":30,"column":6},"end":{"line":30,"column":12}},"12":{"start":{"line":33,"column":18},"end":{"line":39,"column":5}},"13":{"start":{"line":41,"column":16},"end":{"line":41,"column":26}},"14":{"start":{"line":42,"column":21},"end":{"line":42,"column":57}},"15":{"start":{"line":43,"column":20},"end":{"line":43,"column":34}},"16":{"start":{"line":45,"column":4},"end":{"line":60,"column":5}},"17":{"start":{"line":46,"column":6},"end":{"line":46,"column":42}},"18":{"start":{"line":47,"column":6},"end":{"line":47,"column":36}},"19":{"start":{"line":49,"column":23},"end":{"line":49,"column":55}},"20":{"start":{"line":50,"column":6},"end":{"line":50,"column":48}},"21":{"start":{"line":50,"column":20},"end":{"line":50,"column":48}},"22":{"start":{"line":52,"column":20},"end":{"line":52,"column":41}},"23":{"start":{"line":53,"column":20},"end":{"line":57,"column":15}},"24":{"start":{"line":54,"column":8},"end":{"line":54,"column":51}},"25":{"start":{"line":55,"column":8},"end":{"line":55,"column":43}},"26":{"start":{"line":56,"column":8},"end":{"line":56,"column":38}},"27":{"start":{"line":59,"column":6},"end":{"line":59,"column":56}},"28":{"start":{"line":64,"column":4},"end":{"line":64,"column":29}},"29":{"start":{"line":65,"column":4},"end":{"line":65,"column":84}},"30":{"start":{"line":69,"column":4},"end":{"line":72,"column":6}},"31":{"start":{"line":73,"column":4},"end":{"line":73,"column":68}},"32":{"start":{"line":74,"column":4},"end":{"line":74,"column":101}},"33":{"start":{"line":78,"column":4},"end":{"line":78,"column":42}},"34":{"start":{"line":79,"column":4},"end":{"line":79,"column":68}},"35":{"start":{"line":80,"column":4},"end":{"line":80,"column":93}},"36":{"start":{"line":84,"column":4},"end":{"line":84,"column":33}},"37":{"start":{"line":88,"column":4},"end":{"line":88,"column":24}},"38":{"start":{"line":92,"column":26},"end":{"line":92,"column":28}},"39":{"start":{"line":93,"column":4},"end":{"line":93,"column":52}},"40":{"start":{"line":93,"column":31},"end":{"line":93,"column":52}},"41":{"start":{"line":94,"column":4},"end":{"line":98,"column":5}},"42":{"start":{"line":95,"column":6},"end":{"line":97,"column":7}},"43":{"start":{"line":96,"column":8},"end":{"line":96,"column":64}},"44":{"start":{"line":96,"column":45},"end":{"line":96,"column":64}},"45":{"start":{"line":99,"column":4},"end":{"line":102,"column":5}},"46":{"start":{"line":106,"column":4},"end":{"line":108,"column":5}},"47":{"start":{"line":107,"column":6},"end":{"line":107,"column":33}},"48":{"start":{"line":109,"column":4},"end":{"line":109,"column":31}},"49":{"start":{"line":110,"column":4},"end":{"line":110,"column":29}},"50":{"start":{"line":111,"column":4},"end":{"line":111,"column":29}},"51":{"start":{"line":112,"column":4},"end":{"line":112,"column":21}},"52":{"start":{"line":113,"column":4},"end":{"line":113,"column":30}},"53":{"start":{"line":117,"column":24},"end":{"line":117,"column":null}}},"fnMap":{"0":{"name":"(anonymous_0)","decl":{"start":{"line":17,"column":2},"end":{"line":17,"column":13}},"loc":{"start":{"line":17,"column":16},"end":{"line":25,"column":3}},"line":17},"1":{"name":"(anonymous_1)","decl":{"start":{"line":27,"column":2},"end":{"line":27,"column":9}},"loc":{"start":{"line":27,"column":31},"end":{"line":61,"column":3}},"line":27},"2":{"name":"(anonymous_2)","decl":{"start":{"line":53,"column":31},"end":{"line":53,"column":32}},"loc":{"start":{"line":53,"column":37},"end":{"line":57,"column":7}},"line":53},"3":{"name":"(anonymous_3)","decl":{"start":{"line":63,"column":2},"end":{"line":63,"column":11}},"loc":{"start":{"line":63,"column":28},"end":{"line":66,"column":3}},"line":63},"4":{"name":"(anonymous_4)","decl":{"start":{"line":68,"column":2},"end":{"line":68,"column":15}},"loc":{"start":{"line":68,"column":40},"end":{"line":75,"column":3}},"line":68},"5":{"name":"(anonymous_5)","decl":{"start":{"line":77,"column":2},"end":{"line":77,"column":18}},"loc":{"start":{"line":77,"column":33},"end":{"line":81,"column":3}},"line":77},"6":{"name":"(anonymous_6)","decl":{"start":{"line":83,"column":6},"end":{"line":83,"column":21}},"loc":{"start":{"line":83,"column":24},"end":{"line":85,"column":3}},"line":83},"7":{"name":"(anonymous_7)","decl":{"start":{"line":87,"column":6},"end":{"line":87,"column":20}},"loc":{"start":{"line":87,"column":23},"end":{"line":89,"column":3}},"line":87},"8":{"name":"(anonymous_8)","decl":{"start":{"line":91,"column":2},"end":{"line":91,"column":19}},"loc":{"start":{"line":91,"column":22},"end":{"line":103,"column":3}},"line":91},"9":{"name":"(anonymous_9)","decl":{"start":{"line":105,"column":2},"end":{"line":105,"column":9}},"loc":{"start":{"line":105,"column":12},"end":{"line":114,"column":3}},"line":105}},"branchMap":{"0":{"loc":{"start":{"line":28,"column":4},"end":{"line":31,"column":5}},"type":"if","locations":[{"start":{"line":28,"column":4},"end":{"line":31,"column":5}},{"start":{},"end":{}}],"line":28},"1":{"loc":{"start":{"line":42,"column":21},"end":{"line":42,"column":57}},"type":"binary-expr","locations":[{"start":{"line":42,"column":21},"end":{"line":42,"column":52}},{"start":{"line":42,"column":56},"end":{"line":42,"column":57}}],"line":42},"2":{"loc":{"start":{"line":45,"column":4},"end":{"line":60,"column":5}},"type":"if","locations":[{"start":{"line":45,"column":4},"end":{"line":60,"column":5}},{"start":{"line":48,"column":11},"end":{"line":60,"column":5}}],"line":45},"3":{"loc":{"start":{"line":50,"column":6},"end":{"line":50,"column":48}},"type":"if","locations":[{"start":{"line":50,"column":6},"end":{"line":50,"column":48}},{"start":{},"end":{}}],"line":50},"4":{"loc":{"start":{"line":96,"column":8},"end":{"line":96,"column":64}},"type":"if","locations":[{"start":{"line":96,"column":8},"end":{"line":96,"column":64}},{"start":{},"end":{}}],"line":96}},"s":{"0":39,"1":39,"2":76,"3":76,"4":76,"5":76,"6":76,"7":76,"8":76,"9":202,"10":1,"11":1,"12":201,"13":201,"14":201,"15":202,"16":202,"17":58,"18":58,"19":143,"20":143,"21":127,"22":143,"23":143,"24":15,"25":15,"26":15,"27":143,"28":73,"29":73,"30":8,"31":8,"32":8,"33":3,"34":3,"35":3,"36":7,"37":4,"38":2,"39":2,"40":12,"41":2,"42":3,"43":5,"44":5,"45":2,"46":18,"47":1,"48":18,"49":18,"50":18,"51":18,"52":18,"53":39},"f":{"0":76,"1":202,"2":15,"3":73,"4":8,"5":3,"6":7,"7":4,"8":2,"9":18},"b":{"0":[1,201],"1":[201,34],"2":[58,143],"3":[127,16],"4":[5,0]},"meta":{"lastBranch":5,"lastFunction":10,"lastStatement":54,"seen":{"s:5:24:12:1":0,"s:14:20:14:24":1,"f:17:2:17:13":0,"s:18:4:18:11":2,"s:19:4:19:29":3,"s:20:4:20:33":4,"s:21:4:21:34":5,"s:22:4:22:35":6,"s:23:4:23:21":7,"s:24:4:24:56":8,"f:27:2:27:9":1,"b:28:4:31:5:undefined:undefined:undefined:undefined":0,"s:28:4:31:5":9,"s:29:6:29:58":10,"s:30:6:30:12":11,"s:33:18:39:5":12,"s:41:16:41:26":13,"s:42:21:42:57":14,"b:42:21:42:52:42:56:42:57":1,"s:43:20:43:34":15,"b:45:4:60:5:48:11:60:5":2,"s:45:4:60:5":16,"s:46:6:46:42":17,"s:47:6:47:36":18,"s:49:23:49:55":19,"b:50:6:50:48:undefined:undefined:undefined:undefined":3,"s:50:6:50:48":20,"s:50:20:50:48":21,"s:52:20:52:41":22,"s:53:20:57:15":23,"f:53:31:53:32":2,"s:54:8:54:51":24,"s:55:8:55:43":25,"s:56:8:56:38":26,"s:59:6:59:56":27,"f:63:2:63:11":3,"s:64:4:64:29":28,"s:65:4:65:84":29,"f:68:2:68:15":4,"s:69:4:72:6":30,"s:73:4:73:68":31,"s:74:4:74:101":32,"f:77:2:77:18":5,"s:78:4:78:42":33,"s:79:4:79:68":34,"s:80:4:80:93":35,"f:83:6:83:21":6,"s:84:4:84:33":36,"f:87:6:87:20":7,"s:88:4:88:24":37,"f:91:2:91:19":8,"s:92:26:92:28":38,"s:93:4:93:52":39,"s:93:31:93:52":40,"s:94:4:98:5":41,"s:95:6:97:7":42,"b:96:8:96:64:undefined:undefined:undefined:undefined":4,"s:96:8:96:64":43,"s:96:45:96:64":44,"s:99:4:102:5":45,"f:105:2:105:9":9,"s:106:4:108:5":46,"s:107:6:107:33":47,"s:109:4:109:31":48,"s:110:4:110:29":49,"s:111:4:111:29":50,"s:112:4:112:21":51,"s:113:4:113:30":52,"s:117:24:117:Infinity":53}}}
[...]
":{"line":2,"column":32},"end":{"line":6,"column":1}},"line":2},"1":{"name":"formatDuration","decl":{"start":{"line":9,"column":16},"end":{"line":9,"column":30}},"loc":{"start":{"line":9,"column":40},"end":{"line":15,"column":1}},"line":9},"2":{"name":"timeAgo","decl":{"start":{"line":18,"column":16},"end":{"line":18,"column":23}},"loc":{"start":{"line":18,"column":33},"end":{"line":29,"column":1}},"line":18},"3":{"name":"downloadAsFile","decl":{"start":{"line":32,"column":16},"end":{"line":32,"column":30}},"loc":{"start":{"line":32,"column":57},"end":{"line":42,"column":1}},"line":32},"4":{"name":"jsonToCSV","decl":{"start":{"line":45,"column":16},"end":{"line":45,"column":25}},"loc":{"start":{"line":45,"column":32},"end":{"line":59,"column":1}},"line":45},"5":{"name":"(anonymous_5)","decl":{"start":{"line":48,"column":24},"end":{"line":48,"column":27}},"loc":{"start":{"line":49,"column":4},"end":{"line":56,"column":16}},"line":49},"6":{"name":"(anonymous_6)","decl":{"start":{"line":49,"column":16},"end":{"line":49,"column":17}},"loc":{"start":{"line":49,"column":21},"end":{"line":56,"column":5}},"line":49}},"branchMap":{"0":{"loc":{"start":{"line":10,"column":2},"end":{"line":10,"column":34}},"type":"if","locations":[{"start":{"line":10,"column":2},"end":{"line":10,"column":34}},{"start":{},"end":{}}],"line":10},"1":{"loc":{"start":{"line":11,"column":2},"end":{"line":11,"column":41}},"type":"if","locations":[{"start":{"line":11,"column":2},"end":{"line":11,"column":41}},{"start":{},"end":{}}],"line":11},"2":{"loc":{"start":{"line":14,"column":9},"end":{"line":14,"column":40}},"type":"cond-expr","locations":[{"start":{"line":14,"column":17},"end":{"line":14,"column":30}},{"start":{"line":14,"column":33},"end":{"line":14,"column":40}}],"line":14},"3":{"loc":{"start":{"line":19,"column":2},"end":{"line":19,"column":27}},"type":"if","locations":[{"start":{"line":19,"column":2},"end":{"line":19,"column":27}},{"start":{},"end":{}}],"line":19},"4":{"loc":{"start":{"line":21,"column":2},"end":{"line":21,"column":34}},"type":"if","locations":[{"start":{"line":21,"column":2},"end":{"line":21,"column":34}},{"start":{},"end":{}}],"line":21},"5":{"loc":{"start":{"line":23,"column":2},"end":{"line":23,"column":64}},"type":"if","locations":[{"start":{"line":23,"column":2},"end":{"line":23,"column":64}},{"start":{},"end":{}}],"line":23},"6":{"loc":{"start":{"line":23,"column":24},"end":{"line":23,"column":63}},"type":"cond-expr","locations":[{"start":{"line":23,"column":36},"end":{"line":23,"column":46}},{"start":{"line":23,"column":49},"end":{"line":23,"column":63}}],"line":23},"7":{"loc":{"start":{"line":25,"column":2},"end":{"line":25,"column":39}},"type":"if","locations":[{"start":{"line":25,"column":2},"end":{"line":25,"column":39}},{"start":{},"end":{}}],"line":25},"8":{"loc":{"start":{"line":27,"column":2},"end":{"line":27,"column":37}},"type":"if","locations":[{"start":{"line":27,"column":2},"end":{"line":27,"column":37}},{"start":{},"end":{}}],"line":27},"9":{"loc":{"start":{"line":46,"column":2},"end":{"line":46,"column":44}},"type":"if","locations":[{"start":{"line":46,"column":2},"end":{"line":46,"column":44}},{"start":{},"end":{}}],"line":46},"10":{"loc":{"start":{"line":46,"column":6},"end":{"line":46,"column":32}},"type":"binary-expr","locations":[{"start":{"line":46,"column":6},"end":{"line":46,"column":11}},{"start":{"line":46,"column":15},"end":{"line":46,"column":32}}],"line":46},"11":{"loc":{"start":{"line":51,"column":6},"end":{"line":51,"column":33}},"type":"if","locations":[{"start":{"line":51,"column":6},"end":{"line":51,"column":33}},{"start":{},"end":{}}],"line":51},"12":{"loc":{"start":{"line":53,"column":13},"end":{"line":55,"column":13}},"type":"cond-expr","locations":[{"start":{"line":54,"column":10},"end":{"line":54,"column":40}},{"start":{"line":55,"column":10},"end":{"line":55,"column":13}}],"line":53},"13":{"loc":{"start":{"line":53,"column":13},"end":{"line":53,"column":73}},"type":"binary-expr","locations":[{"start":{"line":53,"column":13},"end":{"line":53,"column":30}},{"start":{"line":53,"column":34},"end":{"line":53,"column":51}},{"start":{"line":53,"column":55},"end":{"line":53,"column":73}}],"line":53}},"s":{"0":6,"1":6,"2":6,"3":14,"4":2,"5":12,"6":4,"7":8,"8":8,"9":8,"10":13,"11":3,"12":10,"13":10,"14":1,"15":9,"16":9,"17":3,"18":6,"19":6,"20":2,"21":4,"22":4,"23":4,"24":2,"25":3,"26":3,"27":3,"28":3,"29":3,"30":3,"31":3,"32":3,"33":3,"34":10,"35":3,"36":7,"37":7,"38":8,"39":16,"40":16,"41":3,"42":13,"43":13,"44":7},"f":{"0":6,"1":14,"2":13,"3":3,"4":10,"5":8,"6":16},"b":{"0":[2,12],"1":[4,8],"2":[4,4],"3":[3,10],"4":[1,9],"5":[3,6],"6":[1,2],"7":[2,4],"8":[2,2],"9":[3,7],"10":[10,8],"11":[3,13],"12":[4,9],"13":[13,11,10]},"meta":{"lastBranch":14,"lastFunction":7,"lastStatement":45,"seen":{"f:2:16:2:26":0,"s:3:14:3:43":0,"s:4:2:4:24":1,"s:5:2:5:23":2,"f:9:16:9:30":1,"b:10:2:10:34:undefined:undefined:undefined:undefined":0,"s:10:2:10:34":3,"s:10:23:10:34":4,"b:11:2:11:41:undefined:undefined:undefined:undefined":1,"s:11:2:11:41":5,"s:11:20:11:41":6,"s:12:12:12:36":7,"s:13:12:13:24":8,"s:14:2:14:41":9,"b:14:17:14:30:14:33:14:40":2,"f:18:16:18:23":2,"b:19:2:19:27:undefined:undefined:undefined:undefined":3,"s:19:2:19:27":10,"s:19:16:19:27":11,"s:20:15:20:55":12,"b:21:2:21:34:undefined:undefined:undefined:undefined":4,"s:21:2:21:34":13,"s:21:16:21:34":14,"s:22:15:22:38":15,"b:23:2:23:64:undefined:undefined:undefined:undefined":5,"s:23:2:23:64":16,"s:23:17:23:64":17,"b:23:36:23:46:23:49:23:63":6,"s:24:15:24:36":18,"b:25:2:25:39:undefined:undefined:undefined:undefined":7,"s:25:2:25:39":19,"s:25:17:25:39":20,"s:26:14:26:35":21,"b:27:2:27:37:undefined:undefined:undefined:undefined":8,"s:27:2:27:37":22,"s:27:16:27:37":23,"s:28:2:28:40":24,"f:32:16:32:30":3,"s:33:15:33:51":25,"s:34:14:34:39":26,"s:35:12:35:39":27,"s:36:2:36:15":28,"s:37:2:37:24":29,"s:38:2:38:31":30,"s:39:2:39:12":31,"s:40:2:40:31":32,"s:41:2:41:27":33,"f:45:16:45:25":4,"b:46:2:46:44:undefined:undefined:undefined:undefined":9,"s:46:2:46:44":34,"b:46:6:46:11:46:15:46:32":10,"s:46:34:46:44":35,"s:47:18:47:38":36,"s:48:15:57:3":37,"f:48:24:48:27":5,"s:49:4:56:16":38,"f:49:16:49:17":6,"s:50:18:50:24":39,"b:51:6:51:33:undefined:undefined:undefined:undefined":11,"s:51:6:51:33":40,"s:51:23:51:33":41,"s:52:18:52:29":42,"s:53:6:55:14":43,"b:54:10:54:40:55:10:55:13":12,"b:53:13:53:30:53:34:53:51:53:55:53:73":13,"s:58:2:58:49":44}}}
,"C:\\Users\\joperezd\\GitHub Repos\\ffs-squad-monitor\\src\\services\\config.js": {"path":"C:\\Users\\joperezd\\GitHub Repos\\ffs-squad-monitor\\src\\services\\config.js","statementMap":{"0":{"start":{"line":6,"column":18},"end":{"line":6,"column":22}},"1":{"start":{"line":7,"column":20},"end":{"line":7,"column":24}},"2":{"start":{"line":10,"column":2},"end":{"line":10,"column":37}},"3":{"start":{"line":10,"column":19},"end":{"line":10,"column":37}},"4":{"start":{"line":11,"column":2},"end":{"line":11,"column":41}},"5":{"start":{"line":11,"column":21},"end":{"line":11,"column":41}},"6":{"start":{"line":13,"column":2},"end":{"line":27,"column":6}},"7":{"start":{"line":15,"column":6},"end":{"line":15,"column":77}},"8":{"start":{"line":15,"column":19},"end":{"line":15,"column":77}},"9":{"start":{"line":16,"column":6},"end":{"line":16,"column":23}},"10":{"start":{"line":19,"column":6},"end":{"line":19,"column":24}},"11":{"start":{"line":20,"column":6},"end":{"line":20,"column":26}},"12":{"start":{"line":21,"column":6},"end":{"line":21,"column":17}},"13":{"start":{"line":24,"column":6},"end":{"line":24,"column":26}},"14":{"start":{"line":25,"column":6},"end":{"line":25,"column":67}},"15":{"start":{"line":26,"column":6},"end":{"line":26,"column":15}},"16":{"start":{"line":29,"column":2},"end":{"line":29,"column":22}},"17":{"start":{"line":33,"column":2},"end":{"line":33,"column":20}},"18":{"start":{"line":37,"column":2},"end":{"line":37,"column":20}},"19":{"start":{"line":38,"column":2},"end":{"line":38,"column":22}}},"fnMap":{"0":{"name":"fetchConfig","decl":{"start":{"line":9,"column":22},"end":{"line":9,"column":33}},"loc":{"start":{"line":9,"column":36},"end":{"line":30,"column":1}},"line":9},"1":{"name":"(anonymous_1)","decl":{"start":{"line":14,"column":10},"end":{"line":14,"column":13}},"loc":{"start":{"line":14,"column":17},"end":{"line":17,"column":5}},"line":14},"2":{"name":"(anonymous_2)","decl":{"start":{"line":18,"column":10},"end":{"line":18,"column":14}},"loc":{"start":{"line":18,"column":18},"end":{"line":22,"column":5}},"line":18},"3":{"name":"(anonymous_3)","decl":{"start":{"line":23,"column":11},"end":{"line":23,"column":14}},"loc":{"start":{"line":23,"column":18},"end":{"line":27,"column":5}},"line":23},"4":{"name":"getConfigSync","decl":{"start":{"line":32,"column":16},"end":{"line":32,"column":29}},"loc":{"start":{"line":32,"column":32},"end":{"line":34,"column":1}},"line":32},"5":{"name":"clearConfigCache","decl":{"start":{"line":36,"column":16},"end":{"line":36,"column":32}},"loc":{"start":{"line":36,"column":35},"end":{"line":39,"column":1}},"line":36}},"branchMap":{"0":{"loc":{"start":{"line":10,"column":2},"end":{"line":10,"column":37}},"type":"if","locations":[{"start":{"line":10,"column":2},"end":{"line":10,"column":37}},{"start":{},"end":{}}],"line":10},"1":{"loc":{"start":{"line":11,"column":2},"end":{"line":11,"column":41}},"type":"if","locations":[{"start":{"line":11,"column":2},"end":{"line":11,"column":41}},{"start":{},"end":{}}],"line":11},"2":{"loc":{"start":{"line":15,"column":6},"end":{"line":15,"column":77}},"type":"if","locations":[{"start":{"line":15,"column":6},"end":{"line":15,"column":77}},{"start":{},"end":{}}],"line":15}},"s":{"0":50,"1":50,"2":44,"3":8,"4":36,"5":2,"6":34,"7":24,"8":1,"9":23,"10":23,"11":23,"12":23,"13":5,"14":5,"15":5,"16":34,"17":4,"18":42,"19":42},"f":{"0":44,"1":24,"2":23,"3":5,"4":4,"5":42},"b":{"0":[8,36],"1":[2,34],"2":[1,23]},"meta":{"lastBranch":3,"lastFunction":6,"lastStatement":20,"seen":{"s:6:18:6:22":0,"s:7:20:7:24":1,"f:9:22:9:33":0,"b:10:2:10:37:undefined:undefined:undefined:undefined":0,"s:10:2:10:37":2,"s:10:19:10:37":3,"b:11:2:11:41:undefined:undefined:undefined:undefined":1,"s:11:2:11:41":4,"s:11:21:11:41":5,"s:13:2:27:6":6,"f:14:10:14:13":1,"b:15:6:15:77:undefined:undefined:undefined:undefined":2,"s:15:6:15:77":7,"s:15:19:15:77":8,"s:16:6:16:23":9,"f:18:10:18:14":2,"s:19:6:19:24":10,"s:20:6:20:26":11,"s:21:6:21:17":12,"f:23:11:23:14":3,"s:24:6:24:26":13,"s:25:6:25:67":14,"s:26:6:26:15":15,"s:29:2:29:22":16,"f:32:16:32:29":4,"s:33:2:33:20":17,"f:36:16:36:32":5,"s:37:2:37:20":18,"s:38:2:38:22":19}}}
,"C:\\Users\\joperezd\\GitHub Repos\\ffs-squad-monitor\\src\\services\\github.js": {"path":"C:\\Users\\joperezd\\GitHub Repos\\ffs-squad-monitor\\src\\services\\github.js","statementMap":{"0":{"start":{"line":3,"column":19},"end":{"line":3,"column":43}},"1":{"start":{"line":6,"column":2},"end":{"line":30,"column":3}},"2":{"start":{"line":7,"column":21},"end":{"line":11,"column":6}},"3":{"start":{"line":13,"column":4},"end":{"line":16,"column":5}},"4":{"start":{"line":14,"column":6},"end":{"line":14,"column":66}},"5":{"start":{"line":15,"column":6},"end":{"line":15,"column":16}},"6":{"start":{"line":18,"column":19},"end":{"line":18,"column":40}},"7":{"start":{"line":19,"column":4},"end":{"line":26,"column":8}},"8":{"start":{"line":19,"column":32},"end":{"line":26,"column":5}},"9":{"start":{"line":28,"column":4},"end":{"line":28,"column":72}},"10":{"start":{"line":29,"column":4},"end":{"line":29,"column":14}},"11":{"start":{"line":34,"column":20},"end":{"line":34,"column":39}},"12":{"start":{"line":35,"column":19},"end":{"line":35,"column":80}},"13":{"start":{"line":35,"column":37},"end":{"line":35,"column":79}},"14":{"start":{"line":36,"column":18},"end":{"line":36,"column":45}},"15":{"start":{"line":38,"column":20},"end":{"line":40,"column":3}},"16":{"start":{"line":39,"column":4},"end":{"line":39,"column":49}},"17":{"start":{"line":42,"column":2},"end":{"line":42,"column":32}},"18":{"start":{"line":46,"column":2},"end":{"line":62,"column":3}},"19":{"start":{"line":47,"column":21},"end":{"line":51,"column":6}},"20":{"start":{"line":53,"column":4},"end":{"line":56,"column":5}},"21":{"start":{"line":54,"column":6},"end":{"line":54,"column":66}},"22":{"start":{"line":55,"column":6},"end":{"line":55,"column":16}},"23":{"start":{"line":58,"column":4},"end":{"line":58,"column":33}},"24":{"start":{"line":60,"column":4},"end":{"line":60,"column":72}},"25":{"start":{"line":61,"column":4},"end":{"line":61,"column":14}},"26":{"start":{"line":66,"column":20},"end":{"line":66,"column":39}},"27":{"start":{"line":67,"column":19},"end":{"line":72,"column":3}},"28":{"start":{"line":68,"column":4},"end":{"line":71,"column":7}},"29":{"start":{"line":68,"column":59},"end":{"line":71,"column":5}},"30":{"start":{"line":74,"column":2},"end":{"line":74,"column":37}},"31":{"start":{"line":78,"column":2},"end":{"line":95,"column":3}},"32":{"start":{"line":79,"column":21},"end":{"line":83,"column":6}},"33":{"start":{"line":85,"column":4},"end":{"line":88,"column":5}},"34":{"start":{"line":86,"column":6},"end":{"line":86,"column":73}},"35":{"start":{"line":87,"column":6},"end":{"line":87,"column":16}},"36":{"start":{"line":90,"column":17},"end":{"line":90,"column":38}},"37":{"start":{"line":91,"column":4},"end":{"line":91,"column":36}},"38":{"start":{"line":93,"column":4},"end":{"line":93,"column":79}},"39":{"start":{"line":94,"column":4},"end":{"line":94,"column":14}},"40":{"start":{"line":99,"column":16},"end":{"line":99,"column":32}},"41":{"start":{"line":100,"column":16},"end":{"line":100,"column":35}},"42":{"start":{"line":101,"column":15},"end":{"line":101,"column":57}},"43":{"start":{"line":101,"column":31},"end":{"line":101,"column":56}},"44":{"start":{"line":102,"column":2},"end":{"line":102,"column":34}}},"fnMap":{"0":{"name":"fetchRepoEvents","decl":{"start":{"line":5,"column":22},"end":{"line":5,"column":37}},"loc":{"start":{"line":5,"column":63},"end":{"line":31,"column":1}},"line":5},"1":{"name":"(anonymous_1)","decl":{"start":{"line":19,"column":22},"end":{"line":19,"column":27}},"loc":{"start":{"line":19,"column":32},"end":{"line":26,"column":5}},"line":19},"2":{"name":"fetchAllRepoEvents","decl":{"start":{"line":33,"column":22},"end":{"line":33,"column":40}},"loc":{"start":{"line":33,"column":43},"end":{"line":43,"column":1}},"line":33},"3":{"name":"(anonymous_3)","decl":{"start":{"line":35,"column":29},"end":{"line":35,"column":33}},"loc":{"start":{"line":35,"column":37},"end":{"line":35,"column":79}},"line":35},"4":{"name":"(anonymous_4)","decl":{"start":{"line":38,"column":40},"end":{"line":38,"column":41}},"loc":{"start":{"line":39,"column":4},"end":{"line":39,"column":49}},"line":39},"5":{"name":"fetchRepoIssues","decl":{"start":{"line":45,"column":22},"end":{"line":45,"column":37}},"loc":{"start":{"line":45,"column":51},"end":{"line":63,"column":1}},"line":45},"6":{"name":"fetchAllRepoIssues","decl":{"start":{"line":65,"column":22},"end":{"line":65,"column":40}},"loc":{"start":{"line":65,"column":43},"end":{"line":75,"column":1}},"line":65},"7":{"name":"(anonymous_7)","decl":{"start":{"line":67,"column":29},"end":{"line":67,"column":33}},"loc":{"start":{"line":68,"column":4},"end":{"line":71,"column":7}},"line":68},"8":{"name":"(anonymous_8)","decl":{"start":{"line":68,"column":48},"end":{"line":68,"column":54}},"loc":{"start":{"line":68,"column":59},"end":{"line":71,"column":5}},"line":68},"9":{"name":"fetchWorkflowRuns","decl":{"start":{"line":77,"column":22},"end":{"line":77,"column":39}},"loc":{"start":{"line":77,"column":53},"end":{"line":96,"column":1}},"line":77},"10":{"name":"getRepoColor","decl":{"start":{"line":98,"column":16},"end":{"line":98,"column":28}},"loc":{"start":{"line":98,"column":39},"end":{"line":103,"column":1}},"line":98},"11":{"name":"(anonymous_11)","decl":{"start":{"line":101,"column":26},"end":{"line":101,"column":27}},"loc":{"start":{"line":101,"column":31},"end":{"line":101,"column":56}},"line":101}},"branchMap":{"0":{"loc":{"start":{"line":5,"column":51},"end":{"line":5,"column":61}},"type":"default-arg","locations":[{"start":{"line":5,"column":59},"end":{"line":5,"column":61}}],"line":5},"1":{"loc":{"start":{"line":13,"column":4},"end":{"line":16,"column":5}},"type":"if","locations":[{"start":{"line":13,"column":4},"end":{"line":16,"column":5}},{"start":{},"end":{}}],"line":13},"2":{"loc":{"start":{"line":53,"column":4},"end":{"line":56,"column":5}},"type":"if","locations":[{"start":{"line":53,"column":4},"end":{"line":56,"column":5}},{"start":{},"end":{}}],"line":53},"3":{"loc":{"start":{"line":85,"column":4},"end":{"line":88,"column":5}},"type":"if","locations":[{"start":{"line":85,"column":4},"end":{"line":88,"column":5}},{"start":{},"end":{}}],"line":85},"4":{"loc":{"start":{"line":91,"column":11},"end":{"line":91,"column":35}},"type":"binary-expr","locations":[{"start":{"line":91,"column":11},"end":{"line":91,"column":29}},{"start":{"line":91,"column":33},"end":{"line":91,"column":35}}],"line":91},"5":{"loc":{"start":{"line":100,"column":16},"end":{"line":100,"column":35}},"type":"binary-expr","locations":[{"start":{"line":100,"column":16},"end":{"line":100,"column":29}},{"start":{"line":100,"column":33},"end":{"line":100,"column":35}}],"line":100},"6":{"loc":{"start":{"line":102,"column":9},"end":{"line":102,"column":33}},"type":"binary-expr","locations":[{"start":{"line":102,"column":9},"end":{"line":102,"column":20}},{"start":{"line":102,"column":24},"end":{"line":102,"column":33}}],"line":102}},"s":{"0":1,"1":16,"2":16,"3":14,"4":3,"5":3,"6":11,"7":11,"8":68,"9":2,"10":2,"11":3,"12":3,"13":9,"14":3,"15":3,"16":235,"17":3,"18":11,"19":11,"20":10,"21":4,"22":4,"23":6,"24":1,"25":1,"26":2,"27":2,"28":6,"29":6,"30":2,"31":6,"32":6,"33":5,"34":3,"35":3,"36":2,"37":2,"38":1,"39":1,"40":6,"41":6,"42":6,"43":13,"44":6},"f":{"0":16,"1":68,"2":3,"3":9,"4":235,"5":11,"6":2,"7":6,"8":6,"9":6,"10":6,"11":13},"b":{"0":[16],"1":[3,11],"2":[4,6],"3":[3,2],"4":[2,1],"5":[6,0],"6":[6,2]},"meta":{"lastBranch":7,"lastFunction":12,"lastStatement":45,"seen":{"s:3:19:3:43":0,"f:5:22:5:37":0,"b:5:59:5:61":0,"s:6:2:30:3":1,"s:7:21:11:6":2,"b:13:4:16:5:undefined:undefined:undefined:undefined":1,"s:13:4:16:5":3,"s:14:6:14:66":4,"s:15:6:15:16":5,"s:18:19:18:40":6,"s:19:4:26:8":7,"f:19:22:19:27":1,"s:19:32:26:5":8,"s:28:4:28:72":9,"s:29:4:29:14":10,"f:33:22:33:40":2,"s:34:20:34:39":11,"s:35:19:35:80":12,"f:35:29:35:33":3,"s:35:37:35:79":13,"s:36:18:36:45":14,"s:38:20:40:3":15,"f:38:40:38:41":4,"s:39:4:39:49":16,"s:42:2:42:32":17,"f:45:22:45:37":5,"s:46:2:62:3":18,"s:47:21:51:6":19,"b:53:4:56:5:undefined:undefined:undefined:undefined":2,"s:53:4:56:5":20,"s:54:6:54:66":21,"s:55:6:55:16":22,"s:58:4:58:33":23,"s:60:4:60:72":24,"s:61:4:61:14":25,"f:65:22:65:40":6,"s:66:20:66:39":26,"s:67:19:72:3":27,"f:67:29:67:33":7,"s:68:4:71:7":28,"f:68:48:68:54":8,"s:68:59:71:5":29,"s:74:2:74:37":30,"f:77:22:77:39":9,"s:78:2:95:3":31,"s:79:21:83:6":32,"b:85:4:88:5:undefined:undefined:undefined:undefined":3,"s:85:4:88:5":33,"s:86:6:86:73":34,"s:87:6:87:16":35,"s:90:17:90:38":36,"s:91:4:91:36":37,"b:91:11:91:29:91:33:91:35":4,"s:93:4:93:79":38,"s:94:4:94:14":39,"f:98:16:98:28":10,"s:99:16:99:32":40,"s:100:16:100:35":41,"b:100:16:100:29:100:33:100:35":5,"s:101:15:101:57":42,"f:101:26:101:27":11,"s:101:31:101:56":43,"s:102:2:102:34":44,"b:102:9:102:20:102:24:102:33":6}}}
,"C:\\Users\\joperezd\\GitHub Repos\\ffs-squad-monitor\\src\\services\\mockData.js": {"path":"C:\\Users\\joperezd\\GitHub Repos\\ffs-squad-monitor\\src\\services\\mockData.js","statementMap":{"0":{"start":{"line":6,"column":2},"end":{"line":6,"column":12}}},"fnMap":{"0":{"name":"getAgentWorkload","decl":{"start":{"line":5,"column":16},"end":{"line":5,"column":32}},"loc":{"start":{"line":5,"column":35},"end":{"line":7,"column":1}},"line":5}},"branchMap":{},"s":{"0":1},"f":{"0":1},"b":{},"meta":{"lastBranch":0,"lastFunction":1,"lastStatement":1,"seen":{"f:5:16:5:32":0,"s:6:2:6:12":0}}}
}
