{"C:\\Users\\joperezd\\GitHub Repos\\ffs-squad-monitor\\src\\lib\\api.js": {"path":"C:\\Users\\joperezd\\GitHub Repos\\ffs-squad-monitor\\src\\lib\\api.js","statementMap":{"0":{"start":{"line":6,"column":18},"end":{"line":6,"column":27}},"1":{"start":{"line":8,"column":17},"end":{"line":8,"column":22}},"2":{"start":{"line":11,"column":2},"end":{"line":11,"column":20}},"3":{"start":{"line":15,"column":2},"end":{"line":15,"column":20}},"4":{"start":{"line":16,"column":2},"end":{"line":16,"column":36}},"5":{"start":{"line":16,"column":15},"end":{"line":16,"column":35}},"6":{"start":{"line":20,"column":2},"end":{"line":23,"column":3}},"7":{"start":{"line":21,"column":4},"end":{"line":21,"column":20}},"8":{"start":{"line":22,"column":4},"end":{"line":22,"column":36}},"9":{"start":{"line":22,"column":28},"end":{"line":22,"column":34}},"10":{"start":{"line":27,"column":14},"end":{"line":27,"column":30}},"11":{"start":{"line":28,"column":2},"end":{"line":28,"column":53}},"12":{"start":{"line":28,"column":15},"end":{"line":28,"column":53}},"13":{"start":{"line":29,"column":2},"end":{"line":29,"column":21}},"14":{"start":{"line":30,"column":2},"end":{"line":30,"column":20}},"15":{"start":{"line":34,"column":2},"end":{"line":39,"column":3}},"16":{"start":{"line":35,"column":4},"end":{"line":35,"column":45}},"17":{"start":{"line":37,"column":4},"end":{"line":37,"column":24}},"18":{"start":{"line":38,"column":4},"end":{"line":38,"column":16}},"19":{"start":{"line":43,"column":2},"end":{"line":47,"column":3}},"20":{"start":{"line":44,"column":4},"end":{"line":44,"column":40}},"21":{"start":{"line":46,"column":4},"end":{"line":46,"column":16}},"22":{"start":{"line":51,"column":2},"end":{"line":55,"column":3}},"23":{"start":{"line":52,"column":4},"end":{"line":52,"column":44}},"24":{"start":{"line":54,"column":4},"end":{"line":54,"column":16}},"25":{"start":{"line":59,"column":2},"end":{"line":63,"column":3}},"26":{"start":{"line":60,"column":4},"end":{"line":60,"column":41}},"27":{"start":{"line":62,"column":4},"end":{"line":62,"column":16}},"28":{"start":{"line":67,"column":2},"end":{"line":71,"column":3}},"29":{"start":{"line":68,"column":4},"end":{"line":68,"column":42}},"30":{"start":{"line":70,"column":4},"end":{"line":70,"column":16}},"31":{"start":{"line":75,"column":2},"end":{"line":79,"column":3}},"32":{"start":{"line":76,"column":4},"end":{"line":76,"column":42}},"33":{"start":{"line":78,"column":4},"end":{"line":78,"column":16}},"34":{"start":{"line":83,"column":2},"end":{"line":87,"column":3}},"35":{"start":{"line":84,"column":4},"end":{"line":84,"column":41}},"36":{"start":{"line":86,"column":4},"end":{"line":86,"column":16}}},"fnMap":{"0":{"name":"isConnected","decl":{"start":{"line":10,"column":16},"end":{"line":10,"column":27}},"loc":{"start":{"line":10,"column":30},"end":{"line":12,"column":1}},"line":10},"1":{"name":"onConnectionChange","decl":{"start":{"line":14,"column":16},"end":{"line":14,"column":34}},"loc":{"start":{"line":14,"column":39},"end":{"line":17,"column":1}},"line":14},"2":{"name":"(anonymous_2)","decl":{"start":{"line":16,"column":9},"end":{"line":16,"column":10}},"loc":{"start":{"line":16,"column":15},"end":{"line":16,"column":35}},"line":16},"3":{"name":"setConnected","decl":{"start":{"line":19,"column":9},"end":{"line":19,"column":21}},"loc":{"start":{"line":19,"column":26},"end":{"line":24,"column":1}},"line":19},"4":{"name":"(anonymous_4)","decl":{"start":{"line":22,"column":22},"end":{"line":22,"column":24}},"loc":{"start":{"line":22,"column":28},"end":{"line":22,"column":34}},"line":22},"5":{"name":"safeFetch","decl":{"start":{"line":26,"column":15},"end":{"line":26,"column":24}},"loc":{"start":{"line":26,"column":30},"end":{"line":31,"column":1}},"line":26},"6":{"name":"fetchHeartbeat","decl":{"start":{"line":33,"column":22},"end":{"line":33,"column":36}},"loc":{"start":{"line":33,"column":39},"end":{"line":40,"column":1}},"line":33},"7":{"name":"fetchLogs","decl":{"start":{"line":42,"column":22},"end":{"line":42,"column":31}},"loc":{"start":{"line":42,"column":34},"end":{"line":48,"column":1}},"line":42},"8":{"name":"fetchTimeline","decl":{"start":{"line":50,"column":22},"end":{"line":50,"column":35}},"loc":{"start":{"line":50,"column":38},"end":{"line":56,"column":1}},"line":50},"9":{"name":"fetchRepos","decl":{"start":{"line":58,"column":22},"end":{"line":58,"column":32}},"loc":{"start":{"line":58,"column":35},"end":{"line":64,"column":1}},"line":58},"10":{"name":"fetchAgents","decl":{"start":{"line":66,"column":22},"end":{"line":66,"column":33}},"loc":{"start":{"line":66,"column":36},"end":{"line":72,"column":1}},"line":66},"11":{"name":"fetchIssues","decl":{"start":{"line":74,"column":22},"end":{"line":74,"column":33}},"loc":{"start":{"line":74,"column":36},"end":{"line":80,"column":1}},"line":74},"12":{"name":"fetchPulse","decl":{"start":{"line":82,"column":22},"end":{"line":82,"column":32}},"loc":{"start":{"line":82,"column":35},"end":{"line":88,"column":1}},"line":82}},"branchMap":{"0":{"loc":{"start":{"line":20,"column":2},"end":{"line":23,"column":3}},"type":"if","locations":[{"start":{"line":20,"column":2},"end":{"line":23,"column":3}},{"start":{},"end":{}}],"line":20},"1":{"loc":{"start":{"line":28,"column":2},"end":{"line":28,"column":53}},"type":"if","locations":[{"start":{"line":28,"column":2},"end":{"line":28,"column":53}},{"start":{},"end":{}}],"line":28}},"s":{"0":1,"1":1,"2":2,"3":1,"4":1,"5":1,"6":13,"7":5,"8":5,"9":0,"10":22,"11":13,"12":13,"13":10,"14":10,"15":7,"16":7,"17":3,"18":3,"19":3,"20":3,"21":2,"22":2,"23":2,"24":1,"25":3,"26":3,"27":2,"28":3,"29":3,"30":2,"31":2,"32":2,"33":1,"34":2,"35":2,"36":1},"f":{"0":2,"1":1,"2":1,"3":13,"4":0,"5":22,"6":7,"7":3,"8":2,"9":3,"10":3,"11":2,"12":2},"b":{"0":[5,8],"1":[3,10]},"meta":{"lastBranch":2,"lastFunction":13,"lastStatement":37,"seen":{"s:6:18:6:27":0,"s:8:17:8:22":1,"f:10:16:10:27":0,"s:11:2:11:20":2,"f:14:16:14:34":1,"s:15:2:15:20":3,"s:16:2:16:36":4,"f:16:9:16:10":2,"s:16:15:16:35":5,"f:19:9:19:21":3,"b:20:2:23:3:undefined:undefined:undefined:undefined":0,"s:20:2:23:3":6,"s:21:4:21:20":7,"s:22:4:22:36":8,"f:22:22:22:24":4,"s:22:28:22:34":9,"f:26:15:26:24":5,"s:27:14:27:30":10,"b:28:2:28:53:undefined:undefined:undefined:undefined":1,"s:28:2:28:53":11,"s:28:15:28:53":12,"s:29:2:29:21":13,"s:30:2:30:20":14,"f:33:22:33:36":6,"s:34:2:39:3":15,"s:35:4:35:45":16,"s:37:4:37:24":17,"s:38:4:38:16":18,"f:42:22:42:31":7,"s:43:2:47:3":19,"s:44:4:44:40":20,"s:46:4:46:16":21,"f:50:22:50:35":8,"s:51:2:55:3":22,"s:52:4:52:44":23,"s:54:4:54:16":24,"f:58:22:58:32":9,"s:59:2:63:3":25,"s:60:4:60:41":26,"s:62:4:62:16":27,"f:66:22:66:33":10,"s:67:2:71:3":28,"s:68:4:68:42":29,"s:70:4:70:16":30,"f:74:22:74:33":11,"s:75:2:79:3":31,"s:76:4:76:42":32,"s:78:4:78:16":33,"f:82:22:82:32":12,"s:83:2:87:3":34,"s:84:4:84:41":35,"s:86:4:86:16":36}}}
,"C:\\Users\\joperezd\\GitHub Repos\\ffs-squad-monitor\\src\\lib\\scheduler.js": {"path":"C:\\Users\\joperezd\\GitHub Repos\\ffs-squad-monitor\\src\\lib\\scheduler.js","statementMap":{"0":{"start":{"line":8,"column":11},"end":{"line":8,"column":20}},"1":{"start":{"line":9,"column":12},"end":{"line":9,"column":17}},"2":{"start":{"line":18,"column":4},"end":{"line":18,"column":57}},"3":{"start":{"line":23,"column":4},"end":{"line":23,"column":25}},"4":{"start":{"line":24,"column":4},"end":{"line":26,"column":5}},"5":{"start":{"line":25,"column":6},"end":{"line":25,"column":32}},"6":{"start":{"line":31,"column":4},"end":{"line":31,"column":24}},"7":{"start":{"line":32,"column":4},"end":{"line":37,"column":5}},"8":{"start":{"line":33,"column":6},"end":{"line":36,"column":7}},"9":{"start":{"line":34,"column":8},"end":{"line":34,"column":36}},"10":{"start":{"line":35,"column":8},"end":{"line":35,"column":28}},"11":{"start":{"line":42,"column":4},"end":{"line":42,"column":20}},"12":{"start":{"line":47,"column":17},"end":{"line":47,"column":36}},"13":{"start":{"line":48,"column":4},"end":{"line":48,"column":22}},"14":{"start":{"line":48,"column":15},"end":{"line":48,"column":22}},"15":{"start":{"line":49,"column":4},"end":{"line":49,"column":29}},"16":{"start":{"line":50,"column":4},"end":{"line":53,"column":5}},"17":{"start":{"line":51,"column":6},"end":{"line":51,"column":34}},"18":{"start":{"line":52,"column":6},"end":{"line":52,"column":32}},"19":{"start":{"line":58,"column":4},"end":{"line":58,"column":49}},"20":{"start":{"line":62,"column":4},"end":{"line":62,"column":14}},"21":{"start":{"line":63,"column":4},"end":{"line":63,"column":55}}},"fnMap":{"0":{"name":"(anonymous_0)","decl":{"start":{"line":17,"column":2},"end":{"line":17,"column":10}},"loc":{"start":{"line":17,"column":29},"end":{"line":19,"column":3}},"line":17},"1":{"name":"(anonymous_1)","decl":{"start":{"line":22,"column":2},"end":{"line":22,"column":10}},"loc":{"start":{"line":22,"column":13},"end":{"line":27,"column":3}},"line":22},"2":{"name":"(anonymous_2)","decl":{"start":{"line":30,"column":2},"end":{"line":30,"column":7}},"loc":{"start":{"line":30,"column":10},"end":{"line":38,"column":3}},"line":30},"3":{"name":"(anonymous_3)","decl":{"start":{"line":41,"column":2},"end":{"line":41,"column":8}},"loc":{"start":{"line":41,"column":11},"end":{"line":43,"column":3}},"line":41},"4":{"name":"(anonymous_4)","decl":{"start":{"line":46,"column":2},"end":{"line":46,"column":13}},"loc":{"start":{"line":46,"column":28},"end":{"line":54,"column":3}},"line":46},"5":{"name":"(anonymous_5)","decl":{"start":{"line":57,"column":2},"end":{"line":57,"column":13}},"loc":{"start":{"line":57,"column":18},"end":{"line":59,"column":3}},"line":57},"6":{"name":"(anonymous_6)","decl":{"start":{"line":61,"column":2},"end":{"line":61,"column":12}},"loc":{"start":{"line":61,"column":23},"end":{"line":64,"column":3}},"line":61}},"branchMap":{"0":{"loc":{"start":{"line":33,"column":6},"end":{"line":36,"column":7}},"type":"if","locations":[{"start":{"line":33,"column":6},"end":{"line":36,"column":7}},{"start":{},"end":{}}],"line":33},"1":{"loc":{"start":{"line":48,"column":4},"end":{"line":48,"column":22}},"type":"if","locations":[{"start":{"line":48,"column":4},"end":{"line":48,"column":22}},{"start":{},"end":{}}],"line":48},"2":{"loc":{"start":{"line":50,"column":4},"end":{"line":53,"column":5}},"type":"if","locations":[{"start":{"line":50,"column":4},"end":{"line":53,"column":5}},{"start":{},"end":{}}],"line":50},"3":{"loc":{"start":{"line":50,"column":8},"end":{"line":50,"column":46}},"type":"binary-expr","locations":[{"start":{"line":50,"column":8},"end":{"line":50,"column":21}},{"start":{"line":50,"column":25},"end":{"line":50,"column":46}}],"line":50},"4":{"loc":{"start":{"line":58,"column":11},"end":{"line":58,"column":48}},"type":"binary-expr","locations":[{"start":{"line":58,"column":11},"end":{"line":58,"column":40}},{"start":{"line":58,"column":44},"end":{"line":58,"column":48}}],"line":58}},"s":{"0":11,"1":11,"2":12,"3":7,"4":7,"5":8,"6":13,"7":13,"8":14,"9":8,"10":8,"11":1,"12":2,"13":2,"14":0,"15":2,"16":2,"17":1,"18":1,"19":6,"20":9,"21":9},"f":{"0":12,"1":7,"2":13,"3":1,"4":2,"5":6,"6":9},"b":{"0":[8,6],"1":[0,2],"2":[1,1],"3":[2,2],"4":[6,1]},"meta":{"lastBranch":5,"lastFunction":7,"lastStatement":22,"seen":{"s:8:11:8:20":0,"s:9:12:9:17":1,"f:17:2:17:10":0,"s:18:4:18:57":2,"f:22:2:22:10":1,"s:23:4:23:25":3,"s:24:4:26:5":4,"s:25:6:25:32":5,"f:30:2:30:7":2,"s:31:4:31:24":6,"s:32:4:37:5":7,"b:33:6:36:7:undefined:undefined:undefined:undefined":0,"s:33:6:36:7":8,"s:34:8:34:36":9,"s:35:8:35:28":10,"f:41:2:41:8":3,"s:42:4:42:20":11,"f:46:2:46:13":4,"s:47:17:47:36":12,"b:48:4:48:22:undefined:undefined:undefined:undefined":1,"s:48:4:48:22":13,"s:48:15:48:22":14,"s:49:4:49:29":15,"b:50:4:53:5:undefined:undefined:undefined:undefined":2,"s:50:4:53:5":16,"b:50:8:50:21:50:25:50:46":3,"s:51:6:51:34":17,"s:52:6:52:32":18,"f:57:2:57:13":5,"s:58:4:58:49":19,"b:58:11:58:40:58:44:58:48":4,"f:61:2:61:12":6,"s:62:4:62:14":20,"s:63:4:63:55":21}}}
,"C:\\Users\\joperezd\\GitHub Repos\\ffs-squad-monitor\\src\\lib\\util.js": {"path":"C:\\Users\\joperezd\\GitHub Repos\\ffs-squad-monitor\\src\\lib\\util.js","statementMap":{"0":{"start":{"line":3,"column":14},"end":{"line":3,"column":43}},"1":{"start":{"line":4,"column":2},"end":{"line":4,"column":24}},"2":{"start":{"line":5,"column":2},"end":{"line":5,"column":23}},"3":{"start":{"line":10,"column":2},"end":{"line":10,"column":34}},"4":{"start":{"line":10,"column":23},"end":{"line":10,"column":34}},"5":{"start":{"line":11,"column":2},"end":{"line":11,"column":41}},"6":{"start":{"line":11,"column":20},"end":{"line":11,"column":41}},"7":{"start":{"line":12,"column":12},"end":{"line":12,"column":36}},"8":{"start":{"line":13,"column":12},"end":{"line":13,"column":24}},"9":{"start":{"line":14,"column":2},"end":{"line":14,"column":41}},"10":{"start":{"line":19,"column":2},"end":{"line":19,"column":27}},"11":{"start":{"line":19,"column":16},"end":{"line":19,"column":27}},"12":{"start":{"line":20,"column":15},"end":{"line":20,"column":55}},"13":{"start":{"line":21,"column":2},"end":{"line":21,"column":34}},"14":{"start":{"line":21,"column":16},"end":{"line":21,"column":34}},"15":{"start":{"line":22,"column":15},"end":{"line":22,"column":38}},"16":{"start":{"line":23,"column":2},"end":{"line":23,"column":64}},"17":{"start":{"line":23,"column":17},"end":{"line":23,"column":64}},"18":{"start":{"line":24,"column":15},"end":{"line":24,"column":36}},"19":{"start":{"line":25,"column":2},"end":{"line":25,"column":39}},"20":{"start":{"line":25,"column":17},"end":{"line":25,"column":39}},"21":{"start":{"line":26,"column":14},"end":{"line":26,"column":35}},"22":{"start":{"line":27,"column":2},"end":{"line":27,"column":37}},"23":{"start":{"line":27,"column":16},"end":{"line":27,"column":37}},"24":{"start":{"line":28,"column":2},"end":{"line":28,"column":40}}},"fnMap":{"0":{"name":"escapeHtml","decl":{"start":{"line":2,"column":16},"end":{"line":2,"column":26}},"loc":{"start":{"line":2,"column":32},"end":{"line":6,"column":1}},"line":2},"1":{"name":"formatDuration","decl":{"start":{"line":9,"column":16},"end":{"line":9,"column":30}},"loc":{"start":{"line":9,"column":40},"end":{"line":15,"column":1}},"line":9},"2":{"name":"timeAgo","decl":{"start":{"line":18,"column":16},"end":{"line":18,"column":23}},"loc":{"start":{"line":18,"column":33},"end":{"line":29,"column":1}},"line":18}},"branchMap":{"0":{"loc":{"start":{"line":10,"column":2},"end":{"line":10,"column":34}},"type":"if","locations":[{"start":{"line":10,"column":2},"end":{"line":10,"column":34}},{"start":{},"end":{}}],"line":10},"1":{"loc":{"start":{"line":11,"column":2},"end":{"line":11,"column":41}},"type":"if","locations":[{"start":{"line":11,"column":2},"end":{"line":11,"column":41}},{"start":{},"end":{}}],"line":11},"2":{"loc":{"start":{"line":14,"column":9},"end":{"line":14,"column":40}},"type":"cond-expr","locations":[{"start":{"line":14,"column":17},"end":{"line":14,"column":30}},{"start":{"line":14,"column":33},"end":{"line":14,"column":40}}],"line":14},"3":{"loc":{"start":{"line":19,"column":2},"end":{"line":19,"column":27}},"type":"if","locations":[{"start":{"line":19,"column":2},"end":{"line":19,"column":27}},{"start":{},"end":{}}],"line":19},"4":{"loc":{"start":{"line":21,"column":2},"end":{"line":21,"column":34}},"type":"if","locations":[{"start":{"line":21,"column":2},"end":{"line":21,"column":34}},{"start":{},"end":{}}],"line":21},"5":{"loc":{"start":{"line":23,"column":2},"end":{"line":23,"column":64}},"type":"if","locations":[{"start":{"line":23,"column":2},"end":{"line":23,"column":64}},{"start":{},"end":{}}],"line":23},"6":{"loc":{"start":{"line":23,"column":24},"end":{"line":23,"column":63}},"type":"cond-expr","locations":[{"start":{"line":23,"column":36},"end":{"line":23,"column":46}},{"start":{"line":23,"column":49},"end":{"line":23,"column":63}}],"line":23},"7":{"loc":{"start":{"line":25,"column":2},"end":{"line":25,"column":39}},"type":"if","locations":[{"start":{"line":25,"column":2},"end":{"line":25,"column":39}},{"start":{},"end":{}}],"line":25},"8":{"loc":{"start":{"line":27,"column":2},"end":{"line":27,"column":37}},"type":"if","locations":[{"start":{"line":27,"column":2},"end":{"line":27,"column":37}},{"start":{},"end":{}}],"line":27}},"s":{"0":6,"1":6,"2":6,"3":14,"4":2,"5":12,"6":4,"7":8,"8":8,"9":8,"10":13,"11":3,"12":10,"13":10,"14":1,"15":9,"16":9,"17":3,"18":6,"19":6,"20":2,"21":4,"22":4,"23":4,"24":2},"f":{"0":6,"1":14,"2":13},"b":{"0":[2,12],"1":[4,8],"2":[4,4],"3":[3,10],"4":[1,9],"5":[3,6],"6":[1,2],"7":[2,4],"8":[2,2]},"meta":{"lastBranch":9,"lastFunction":3,"lastStatement":25,"seen":{"f:2:16:2:26":0,"s:3:14:3:43":0,"s:4:2:4:24":1,"s:5:2:5:23":2,"f:9:16:9:30":1,"b:10:2:10:34:undefined:undefined:undefined:undefined":0,"s:10:2:10:34":3,"s:10:23:10:34":4,"b:11:2:11:41:undefined:undefined:undefined:undefined":1,"s:11:2:11:41":5,"s:11:20:11:41":6,"s:12:12:12:36":7,"s:13:12:13:24":8,"s:14:2:14:41":9,"b:14:17:14:30:14:33:14:40":2,"f:18:16:18:23":2,"b:19:2:19:27:undefined:undefined:undefined:undefined":3,"s:19:2:19:27":10,"s:19:16:19:27":11,"s:20:15:20:55":12,"b:21:2:21:34:undefined:undefined:undefined:undefined":4,"s:21:2:21:34":13,"s:21:16:21:34":14,"s:22:15:22:38":15,"b:23:2:23:64:undefined:undefined:undefined:undefined":5,"s:23:2:23:64":16,"s:23:17:23:64":17,"b:23:36:23:46:23:49:23:63":6,"s:24:15:24:36":18,"b:25:2:25:39:undefined:undefined:undefined:undefined":7,"s:25:2:25:39":19,"s:25:17:25:39":20,"s:26:14:26:35":21,"b:27:2:27:37:undefined:undefined:undefined:undefined":8,"s:27:2:27:37":22,"s:27:16:27:37":23,"s:28:2:28:40":24}}}
}
